C:\USERS\ISHAAN\DOCUMENTS\PENN\565 GPU PROGAMMING\PROJECT2-PATHTRACER\PROJ1_WIN\565PATHTRACER\RELEASE\565PATHTRACER.EXE.INTERMEDIATE.MANIFEST
C:\Users\ishaan\Documents\penn\565 GPU Progamming\Project2-Pathtracer\PROJ1_WIN\565Pathtracer\Release\cl.command.1.tlog
C:\Users\ishaan\Documents\penn\565 GPU Progamming\Project2-Pathtracer\PROJ1_WIN\565Pathtracer\Release\CL.read.1.tlog
C:\Users\ishaan\Documents\penn\565 GPU Progamming\Project2-Pathtracer\PROJ1_WIN\565Pathtracer\Release\CL.write.1.tlog
C:\USERS\ISHAAN\DOCUMENTS\PENN\565 GPU PROGAMMING\PROJECT2-PATHTRACER\PROJ1_WIN\565PATHTRACER\RELEASE\GLSLUTILITY.OBJ
C:\USERS\ISHAAN\DOCUMENTS\PENN\565 GPU PROGAMMING\PROJECT2-PATHTRACER\PROJ1_WIN\565PATHTRACER\RELEASE\IMAGE.OBJ
C:\Users\ishaan\Documents\penn\565 GPU Progamming\Project2-Pathtracer\PROJ1_WIN\565Pathtracer\Release\link.command.1.tlog
C:\Users\ishaan\Documents\penn\565 GPU Progamming\Project2-Pathtracer\PROJ1_WIN\565Pathtracer\Release\link.read.1.tlog
C:\Users\ishaan\Documents\penn\565 GPU Progamming\Project2-Pathtracer\PROJ1_WIN\565Pathtracer\Release\link.write.1.tlog
C:\USERS\ISHAAN\DOCUMENTS\PENN\565 GPU PROGAMMING\PROJECT2-PATHTRACER\PROJ1_WIN\565PATHTRACER\RELEASE\MAIN.OBJ
C:\Users\ishaan\Documents\penn\565 GPU Progamming\Project2-Pathtracer\PROJ1_WIN\565Pathtracer\Release\mt.command.1.tlog
C:\Users\ishaan\Documents\penn\565 GPU Progamming\Project2-Pathtracer\PROJ1_WIN\565Pathtracer\Release\mt.read.1.tlog
C:\Users\ishaan\Documents\penn\565 GPU Progamming\Project2-Pathtracer\PROJ1_WIN\565Pathtracer\Release\mt.write.1.tlog
C:\Users\ishaan\Documents\penn\565 GPU Progamming\Project2-Pathtracer\PROJ1_WIN\565Pathtracer\Release\raytraceKernel.cu.cache
C:\USERS\ISHAAN\DOCUMENTS\PENN\565 GPU PROGAMMING\PROJECT2-PATHTRACER\PROJ1_WIN\565PATHTRACER\RELEASE\SCENE.OBJ
C:\USERS\ISHAAN\DOCUMENTS\PENN\565 GPU PROGAMMING\PROJECT2-PATHTRACER\PROJ1_WIN\565PATHTRACER\RELEASE\STB_IMAGE.OBJ
C:\USERS\ISHAAN\DOCUMENTS\PENN\565 GPU PROGAMMING\PROJECT2-PATHTRACER\PROJ1_WIN\565PATHTRACER\RELEASE\STB_IMAGE_WRITE.OBJ
C:\USERS\ISHAAN\DOCUMENTS\PENN\565 GPU PROGAMMING\PROJECT2-PATHTRACER\PROJ1_WIN\565PATHTRACER\RELEASE\UTILITIES.OBJ
C:\USERS\ISHAAN\DOCUMENTS\PENN\565 GPU PROGAMMING\PROJECT2-PATHTRACER\PROJ1_WIN\565PATHTRACER\RELEASE\VC100.PDB
C:\USERS\ISHAAN\DOCUMENTS\PENN\565 GPU PROGAMMING\PROJECT2-PATHTRACER\PROJ1_WIN\RELEASE\565PATHTRACER.EXE
C:\USERS\ISHAAN\DOCUMENTS\PENN\565 GPU PROGAMMING\PROJECT2-PATHTRACER\PROJ1_WIN\RELEASE\565PATHTRACER.PDB
