Build started 10/12/2013 11:27:24 PM.
     1>Project "D:\Class\565\Project2\Project2-Pathtracer\PROJ1_WIN\565Pathtracer\565Pathtracer.vcxproj" on node 2 (Build target(s)).
     1>InitializeBuildStatus:
         Creating "Release (v5.5)\565Pathtracer.unsuccessfulbuild" because "AlwaysCreate" was specified.
       AddCudaCompileDeps:
       Skipping target "AddCudaCompileDeps" because all output files are up-to-date with respect to the input files.
       AddCudaCompilePropsDeps:
       Skipping target "AddCudaCompilePropsDeps" because all output files are up-to-date with respect to the input files.
       CudaBuild:
       Skipping target "CudaBuild" because all output files are up-to-date with respect to the input files.
       ClCompile:
         D:\Program Files (x86)\Microsoft Visual Studio 10.0\VC\bin\CL.exe /c /I"D:\ProgramData\NVIDIA Corporation\CUDA Samples\v5.5\common\inc" /I"D:\Program Files\NVIDIA GPU Computing Toolkit\CUDA\v5.5\include" /I../shared/glew/include /I../shared/freeglut/include /I"D:\Program Files\NVIDIA GPU Computing Toolkit\CUDA\v5.5\include" /Zi /nologo /W3 /WX- /O2 /Oi /Oy- /GL /D WIN32 /D NDEBUG /D _CONSOLE /D _UNICODE /D UNICODE /Gm- /EHsc /MD /GS /Gy /fp:precise /Zc:wchar_t /Zc:forScope /Fo"Release (v5.5)\\" /Fd"Release (v5.5)\vc100.pdb" /Gd /TP /analyze- /errorReport:prompt ..\..\src\main.cpp
         main.cpp
         Note: including lib: glut32.lib
         
     1>d:\class\565\project2\project2-pathtracer\src\glm\./core/func_common.hpp : warning C4819: The file contains a character that cannot be represented in the current code page (936). Save the file in Unicode format to prevent data loss
     1>d:\class\565\project2\project2-pathtracer\src\glm\core\func_common.inl : warning C4819: The file contains a character that cannot be represented in the current code page (936). Save the file in Unicode format to prevent data loss
     1>d:\class\565\project2\project2-pathtracer\src\glm\./core/func_integer.hpp : warning C4819: The file contains a character that cannot be represented in the current code page (936). Save the file in Unicode format to prevent data loss
     1>..\..\src\main.cpp(117): warning C4018: '<' : signed/unsigned mismatch
     1>..\..\src\main.cpp(126): warning C4018: '<' : signed/unsigned mismatch
     1>..\..\src\main.cpp(129): warning C4018: '<' : signed/unsigned mismatch
         All outputs are up-to-date.
       Link:
         D:\Program Files (x86)\Microsoft Visual Studio 10.0\VC\bin\link.exe /ERRORREPORT:PROMPT /OUT:"D:\Class\565\Project2\Project2-Pathtracer\PROJ1_WIN\Release (v5.5)\565Pathtracer.exe" /INCREMENTAL:NO /NOLOGO /LIBPATH:../shared/glew/lib /LIBPATH:../shared/freeglut/lib /LIBPATH:"D:\Program Files\NVIDIA GPU Computing Toolkit\CUDA\v5.5\lib\Win32" cudart.lib glew32.lib glu32.lib opengl32.lib kernel32.lib user32.lib gdi32.lib winspool.lib comdlg32.lib advapi32.lib shell32.lib ole32.lib oleaut32.lib uuid.lib odbc32.lib odbccp32.lib kernel32.lib user32.lib gdi32.lib winspool.lib comdlg32.lib advapi32.lib shell32.lib ole32.lib oleaut32.lib uuid.lib odbc32.lib odbccp32.lib /MANIFEST /ManifestFile:"Release (v5.5)\565Pathtracer.exe.intermediate.manifest" /MANIFESTUAC:"level='asInvoker' uiAccess='false'" /DEBUG /PDB:"D:\Class\565\Project2\Project2-Pathtracer\PROJ1_WIN\Release (v5.5)\565Pathtracer.pdb" /SUBSYSTEM:CONSOLE /OPT:REF /OPT:ICF /LTCG /TLBID:1 /ENTRY:"mainCRTStartup" /DYNAMICBASE /NXCOMPAT /IMPLIB:"D:\Class\565\Project2\Project2-Pathtracer\PROJ1_WIN\Release (v5.5)\565Pathtracer.lib" /MACHINE:X86 "D:\Class\565\Project2\Project2-Pathtracer\PROJ1_WIN\565Pathtracer\Win32/Release (v5.5)/raytraceKernel.cu.obj"
         "Release (v5.5)\EasyBMP.obj"
         "Release (v5.5)\glslUtility.obj"
         "Release (v5.5)\image.obj"
         "Release (v5.5)\main.obj"
         "Release (v5.5)\scene.obj"
         "Release (v5.5)\stb_image.obj"
         "Release (v5.5)\stb_image_write.obj"
         "Release (v5.5)\tiny_obj_loader.obj"
         "Release (v5.5)\utilities.obj"
         Generating code
         Finished generating code
         565Pathtracer.vcxproj -> D:\Class\565\Project2\Project2-Pathtracer\PROJ1_WIN\Release (v5.5)\565Pathtracer.exe
       Manifest:
         C:\Program Files (x86)\Microsoft SDKs\Windows\v7.0A\bin\mt.exe /nologo /verbose /outputresource:"D:\Class\565\Project2\Project2-Pathtracer\PROJ1_WIN\Release (v5.5)\565Pathtracer.exe;#1" /manifest "Release (v5.5)\565Pathtracer.exe.intermediate.manifest"
       FinalizeBuildStatus:
         Deleting file "Release (v5.5)\565Pathtracer.unsuccessfulbuild".
         Touching "Release (v5.5)\565Pathtracer.lastbuildstate".
     1>Done Building Project "D:\Class\565\Project2\Project2-Pathtracer\PROJ1_WIN\565Pathtracer\565Pathtracer.vcxproj" (Build target(s)).

Build succeeded.

Time Elapsed 00:00:07.79
