Build started 10/14/2013 2:29:56 PM.
     1>Project "D:\Dropbox\UPenn\CIS-565 (GPU Programming)\Assignments\Project2PathTracer\PROJ1_WIN\565Pathtracer\565Pathtracer.vcxproj" on node 2 (Build target(s)).
     1>ClCompile:
         C:\Program Files (x86)\Microsoft Visual Studio 11.0\VC\bin\CL.exe /c /I"C:\Program Files\NVIDIA GPU Computing Toolkit\CUDA\v5.5\include" /I"C:\ProgramData\NVIDIA Corporation\CUDA Samples\v5.5\common\inc" /I../shared/glew/include /I../shared/freeglut/include /I"C:\Program Files\NVIDIA GPU Computing Toolkit\CUDA\v5.5\include" /ZI /nologo /W3 /WX- /Od /Oy- /D WIN32 /D _DEBUG /D _CONSOLE /D _UNICODE /D UNICODE /Gm /EHsc /RTC1 /MDd /GS /fp:precise /Zc:wchar_t /Zc:forScope /Fo"Debug (v5.5)\\" /Fd"Debug (v5.5)\vc110.pdb" /Gd /TP /analyze- /errorReport:prompt ..\..\src\main.cpp
         main.cpp
         Note: including lib: glut32.lib
         
     1>c:\program files\nvidia gpu computing toolkit\cuda\v5.5\include\thrust\system\detail\error_category.inl(102): warning C4996: 'strerror': This function or variable may be unsafe. Consider using strerror_s instead. To disable deprecation, use _CRT_SECURE_NO_WARNINGS. See online help for details.
                 c:\program files (x86)\microsoft visual studio 11.0\vc\include\string.h(164) : see declaration of 'strerror'
     1>d:\dropbox\upenn\cis-565 (gpu programming)\assignments\project2pathtracer\src\main.cpp(116): warning C4018: '<' : signed/unsigned mismatch
     1>d:\dropbox\upenn\cis-565 (gpu programming)\assignments\project2pathtracer\src\main.cpp(126): warning C4018: '<' : signed/unsigned mismatch
     1>d:\dropbox\upenn\cis-565 (gpu programming)\assignments\project2pathtracer\src\main.cpp(129): warning C4018: '<' : signed/unsigned mismatch
       Link:
         C:\Program Files (x86)\Microsoft Visual Studio 11.0\VC\bin\link.exe /ERRORREPORT:PROMPT /OUT:"D:\Dropbox\UPenn\CIS-565 (GPU Programming)\Assignments\Project2PathTracer\PROJ1_WIN\Debug (v5.5)\565Pathtracer.exe" /INCREMENTAL /NOLOGO /LIBPATH:../shared/glew/lib /LIBPATH:../shared/freeglut/lib /LIBPATH:"C:\Program Files\NVIDIA GPU Computing Toolkit\CUDA\v5.5\lib\Win32" cudart.lib glew32.lib glu32.lib opengl32.lib kernel32.lib user32.lib gdi32.lib winspool.lib comdlg32.lib advapi32.lib shell32.lib ole32.lib oleaut32.lib uuid.lib odbc32.lib odbccp32.lib kernel32.lib user32.lib gdi32.lib winspool.lib comdlg32.lib advapi32.lib shell32.lib ole32.lib oleaut32.lib uuid.lib odbc32.lib odbccp32.lib /MANIFEST /MANIFESTUAC:"level='asInvoker' uiAccess='false'" /manifest:embed /DEBUG /PDB:"D:\Dropbox\UPenn\CIS-565 (GPU Programming)\Assignments\Project2PathTracer\PROJ1_WIN\Debug (v5.5)\565Pathtracer.pdb" /SUBSYSTEM:CONSOLE /TLBID:1 /ENTRY:"mainCRTStartup" /DYNAMICBASE /NXCOMPAT /IMPLIB:"D:\Dropbox\UPenn\CIS-565 (GPU Programming)\Assignments\Project2PathTracer\PROJ1_WIN\Debug (v5.5)\565Pathtracer.lib" /MACHINE:X86 "D:\Dropbox\UPenn\CIS-565 (GPU Programming)\Assignments\Project2PathTracer\PROJ1_WIN\565Pathtracer\Win32/Debug (v5.5)/raytraceKernel.cu.obj"
         "Debug (v5.5)\glslUtility.obj"
         "Debug (v5.5)\image.obj"
         "Debug (v5.5)\main.obj"
         "Debug (v5.5)\scene.obj"
         "Debug (v5.5)\stb_image.obj"
         "Debug (v5.5)\stb_image_write.obj"
         "Debug (v5.5)\tiny_obj_loader.obj"
         "Debug (v5.5)\utilities.obj"
         565Pathtracer.vcxproj -> D:\Dropbox\UPenn\CIS-565 (GPU Programming)\Assignments\Project2PathTracer\PROJ1_WIN\Debug (v5.5)\565Pathtracer.exe
     1>Done Building Project "D:\Dropbox\UPenn\CIS-565 (GPU Programming)\Assignments\Project2PathTracer\PROJ1_WIN\565Pathtracer\565Pathtracer.vcxproj" (Build target(s)).

Build succeeded.

Time Elapsed 00:00:03.36
