Build started 10/13/2013 10:19:13 AM.
     1>Project "G:\GitHub\Project2-Pathtracer\PROJ1_WIN\GPU Path Tracer\565Raytracer.vcxproj" on node 2 (build target(s)).
     1>InitializeBuildStatus:
         Creating "Release (v5.5)\PathTracer.unsuccessfulbuild" because "AlwaysCreate" was specified.
       AddCudaCompileDeps:
       Skipping target "AddCudaCompileDeps" because all output files are up-to-date with respect to the input files.
       AddCudaCompilePropsDeps:
       Skipping target "AddCudaCompilePropsDeps" because all output files are up-to-date with respect to the input files.
       CudaBuild:
       Skipping target "CudaBuild" because all output files are up-to-date with respect to the input files.
       ClCompile:
         All outputs are up-to-date.
         All outputs are up-to-date.
       Link:
         All outputs are up-to-date.
         565Raytracer.vcxproj -> G:\GitHub\Project2-Pathtracer\PROJ1_WIN\Release (v5.5)\PathTracer.exe
       FinalizeBuildStatus:
         Deleting file "Release (v5.5)\PathTracer.unsuccessfulbuild".
         Touching "Release (v5.5)\PathTracer.lastbuildstate".
     1>Done Building Project "G:\GitHub\Project2-Pathtracer\PROJ1_WIN\GPU Path Tracer\565Raytracer.vcxproj" (build target(s)).

Build succeeded.

Time Elapsed 00:00:00.06
