Build started 9/21/2013 12:00:29 AM.
     1>Project "C:\Users\lucy\Documents\School\2013fall\CIS565\Project1-RayTracer\PROJ1_WIN\565Raytracer\565Raytracer.vcxproj" on node 2 (Build target(s)).
     1>AddCudaCompileDeps:
         C:\Program Files (x86)\Microsoft Visual Studio 11.0\VC\bin\cl.exe /E /nologo /showIncludes /TP /D__CUDACC__ /DWIN32 /DNDEBUG /D_CONSOLE /D_UNICODE /DUNICODE /I"C:\Program Files\NVIDIA GPU Computing Toolkit\CUDA\v5.5\include" /I"C:/ProgramData/NVIDIA Corporation/CUDA Samples/v5.5/common/inc" /I../shared/glew/includes /I../shared/freeglut/includes /I"C:\Program Files\NVIDIA GPU Computing Toolkit\CUDA\v5.5\include" /I"C:\ProgramData\NVIDIA Corporation\CUDA Samples\v5.5\common\inc" /I../shared/glew/include /I../shared/freeglut/include /I"C:\Program Files\NVIDIA GPU Computing Toolkit\CUDA\v5.5\include" /I"C:\Program Files\NVIDIA GPU Computing Toolkit\CUDA\v5.5\bin" /I"C:\Program Files\NVIDIA GPU Computing Toolkit\CUDA\v5.5\include" /I. /FIcuda_runtime.h /c C:\Users\lucy\Documents\School\2013fall\CIS565\Project1-RayTracer\src\raytraceKernel.cu 
       CudaBuild:
         Compiling CUDA source file ..\..\src\raytraceKernel.cu...
         cmd.exe /C "C:\Users\lucy\AppData\Local\Temp\tmpde7d7a56923e43de8cf47e65caa317c0.cmd"
         "C:\Program Files\NVIDIA GPU Computing Toolkit\CUDA\v5.5\bin\nvcc.exe" -gencode=arch=compute_10,code=\"sm_10,compute_10\" --use-local-env --cl-version 2012 -ccbin "C:\Program Files (x86)\Microsoft Visual Studio 11.0\VC\bin"  -I"C:\Program Files\NVIDIA GPU Computing Toolkit\CUDA\v5.5\include" -I"C:/ProgramData/NVIDIA Corporation/CUDA Samples/v5.5/common/inc" -I../shared/glew/includes -I../shared/freeglut/includes -I"C:\Program Files\NVIDIA GPU Computing Toolkit\CUDA\v5.5\include" -I"C:\ProgramData\NVIDIA Corporation\CUDA Samples\v5.5\common\inc" -I../shared/glew/include -I../shared/freeglut/include -I"C:\Program Files\NVIDIA GPU Computing Toolkit\CUDA\v5.5\include" -I"C:\Program Files\NVIDIA GPU Computing Toolkit\CUDA\v5.5\include"     --keep-dir "Release (v5.5)" -maxrregcount=0  --machine 32 --compile -cudart static     -DWIN32 -DNDEBUG -D_CONSOLE -D_UNICODE -DUNICODE -Xcompiler "/EHsc /W3 /nologo /O2 /Zi  /MD  " -o "C:\Users\lucy\Documents\School\2013fall\CIS565\Project1-RayTracer\PROJ1_WIN\565Raytracer\Win32/Release (v5.5)/raytraceKernel.cu.obj" "C:\Users\lucy\Documents\School\2013fall\CIS565\Project1-RayTracer\src\raytraceKernel.cu"
         
         C:\Users\lucy\Documents\School\2013fall\CIS565\Project1-RayTracer\PROJ1_WIN\565Raytracer>"C:\Program Files\NVIDIA GPU Computing Toolkit\CUDA\v5.5\bin\nvcc.exe" -gencode=arch=compute_10,code=\"sm_10,compute_10\" --use-local-env --cl-version 2012 -ccbin "C:\Program Files (x86)\Microsoft Visual Studio 11.0\VC\bin"  -I"C:\Program Files\NVIDIA GPU Computing Toolkit\CUDA\v5.5\include" -I"C:/ProgramData/NVIDIA Corporation/CUDA Samples/v5.5/common/inc" -I../shared/glew/includes -I../shared/freeglut/includes -I"C:\Program Files\NVIDIA GPU Computing Toolkit\CUDA\v5.5\include" -I"C:\ProgramData\NVIDIA Corporation\CUDA Samples\v5.5\common\inc" -I../shared/glew/include -I../shared/freeglut/include -I"C:\Program Files\NVIDIA GPU Computing Toolkit\CUDA\v5.5\include" -I"C:\Program Files\NVIDIA GPU Computing Toolkit\CUDA\v5.5\include"     --keep-dir "Release (v5.5)" -maxrregcount=0  --machine 32 --compile -cudart static     -DWIN32 -DNDEBUG -D_CONSOLE -D_UNICODE -DUNICODE -Xcompiler "/EHsc /W3 /nologo /O2 /Zi  /MD  " -o "C:\Users\lucy\Documents\School\2013fall\CIS565\Project1-RayTracer\PROJ1_WIN\565Raytracer\Win32/Release (v5.5)/raytraceKernel.cu.obj" "C:\Users\lucy\Documents\School\2013fall\CIS565\Project1-RayTracer\src\raytraceKernel.cu" 
     1>c:\users\lucy\documents\school\2013fall\cis565\project1-raytracer\src\glm\core\type_half.inl(48): warning : a __host__ function("glm::detail::toFloat32") redeclared with __host__ __device__, hence treated as a __host__ __device__ function
     1>c:\users\lucy\documents\school\2013fall\cis565\project1-raytracer\src\glm\core\type_half.inl(122): warning : a __host__ function("glm::detail::toFloat16") redeclared with __host__ __device__, hence treated as a __host__ __device__ function
     1>c:\users\lucy\documents\school\2013fall\cis565\project1-raytracer\src\glm\core\type_half.inl(324): warning : a __host__ function("glm::detail::operator+") redeclared with __host__ __device__, hence treated as a __host__ __device__ function
     1>c:\users\lucy\documents\school\2013fall\cis565\project1-raytracer\src\glm\core\type_half.inl(329): warning : a __host__ function("glm::detail::operator-") redeclared with __host__ __device__, hence treated as a __host__ __device__ function
     1>c:\users\lucy\documents\school\2013fall\cis565\project1-raytracer\src\glm\core\type_half.inl(334): warning : a __host__ function("glm::detail::operator*") redeclared with __host__ __device__, hence treated as a __host__ __device__ function
     1>c:\users\lucy\documents\school\2013fall\cis565\project1-raytracer\src\glm\core\type_half.inl(339): warning : a __host__ function("glm::detail::operator/") redeclared with __host__ __device__, hence treated as a __host__ __device__ function
     1>c:\users\lucy\documents\school\2013fall\cis565\project1-raytracer\src\glm\core\type_half.inl(345): warning : a __host__ function("glm::detail::operator-") redeclared with __host__ __device__, hence treated as a __host__ __device__ function
     1>c:\users\lucy\documents\school\2013fall\cis565\project1-raytracer\src\glm\core\type_half.inl(350): warning : a __host__ function("glm::detail::operator--") redeclared with __host__ __device__, hence treated as a __host__ __device__ function
     1>c:\users\lucy\documents\school\2013fall\cis565\project1-raytracer\src\glm\core\type_half.inl(355): warning : a __host__ function("glm::detail::operator++") redeclared with __host__ __device__, hence treated as a __host__ __device__ function
     1>c:\users\lucy\documents\school\2013fall\cis565\project1-raytracer\src\glm\core\type_half.inl(360): warning : a __host__ function("glm::detail::operator==") redeclared with __host__ __device__, hence treated as a __host__ __device__ function
     1>c:\users\lucy\documents\school\2013fall\cis565\project1-raytracer\src\glm\core\type_half.inl(369): warning : a __host__ function("glm::detail::operator!=") redeclared with __host__ __device__, hence treated as a __host__ __device__ function
     1>c:\users\lucy\documents\school\2013fall\cis565\project1-raytracer\src\glm\core\type_half.inl(378): warning : a __host__ function("glm::detail::operator<") redeclared with __host__ __device__, hence treated as a __host__ __device__ function
     1>c:\users\lucy\documents\school\2013fall\cis565\project1-raytracer\src\glm\core\type_half.inl(387): warning : a __host__ function("glm::detail::operator<=") redeclared with __host__ __device__, hence treated as a __host__ __device__ function
     1>c:\users\lucy\documents\school\2013fall\cis565\project1-raytracer\src\glm\core\type_half.inl(396): warning : a __host__ function("glm::detail::operator>") redeclared with __host__ __device__, hence treated as a __host__ __device__ function
     1>c:\users\lucy\documents\school\2013fall\cis565\project1-raytracer\src\glm\core\type_half.inl(405): warning : a __host__ function("glm::detail::operator>=") redeclared with __host__ __device__, hence treated as a __host__ __device__ function
     1>c:\users\lucy\documents\school\2013fall\cis565\project1-raytracer\src\glm\core\type_vec2.inl(114): warning : a __host__ function("glm::detail::tvec2<T>::tvec2") redeclared with __host__ __device__, hence treated as a __host__ __device__ function
     1>c:\users\lucy\documents\school\2013fall\cis565\project1-raytracer\src\glm\core\type_mat2x2.inl(419): warning : a __host__ function("glm::detail::operator+") redeclared with __host__ __device__, hence treated as a __host__ __device__ function
     1>c:\users\lucy\documents\school\2013fall\cis565\project1-raytracer\src\glm\core\type_mat2x2.inl(431): warning : a __host__ function("glm::detail::operator+") redeclared with __host__ __device__, hence treated as a __host__ __device__ function
     1>c:\users\lucy\documents\school\2013fall\cis565\project1-raytracer\src\glm\core\type_mat2x2.inl(443): warning : a __host__ function("glm::detail::operator+") redeclared with __host__ __device__, hence treated as a __host__ __device__ function
     1>c:\users\lucy\documents\school\2013fall\cis565\project1-raytracer\src\glm\core\type_mat2x2.inl(455): warning : a __host__ function("glm::detail::operator-") redeclared with __host__ __device__, hence treated as a __host__ __device__ function
     1>c:\users\lucy\documents\school\2013fall\cis565\project1-raytracer\src\glm\core\type_mat2x2.inl(467): warning : a __host__ function("glm::detail::operator-") redeclared with __host__ __device__, hence treated as a __host__ __device__ function
     1>c:\users\lucy\documents\school\2013fall\cis565\project1-raytracer\src\glm\core\type_mat2x2.inl(479): warning : a __host__ function("glm::detail::operator-") redeclared with __host__ __device__, hence treated as a __host__ __device__ function
     1>c:\users\lucy\documents\school\2013fall\cis565\project1-raytracer\src\glm\core\type_mat2x2.inl(491): warning : a __host__ function("glm::detail::operator*") redeclared with __host__ __device__, hence treated as a __host__ __device__ function
     1>c:\users\lucy\documents\school\2013fall\cis565\project1-raytracer\src\glm\core\type_mat2x2.inl(507): warning : a __host__ function("glm::detail::operator*") redeclared with __host__ __device__, hence treated as a __host__ __device__ function
     1>c:\users\lucy\documents\school\2013fall\cis565\project1-raytracer\src\glm\core\type_mat2x2.inl(519): warning : a __host__ function("glm::detail::operator*") redeclared with __host__ __device__, hence treated as a __host__ __device__ function
     1>c:\users\lucy\documents\school\2013fall\cis565\project1-raytracer\src\glm\core\type_mat2x2.inl(534): warning : a __host__ function("glm::detail::operator*") redeclared with __host__ __device__, hence treated as a __host__ __device__ function
     1>c:\users\lucy\documents\school\2013fall\cis565\project1-raytracer\src\glm\core\type_mat2x2.inl(546): warning : a __host__ function("glm::detail::operator*") redeclared with __host__ __device__, hence treated as a __host__ __device__ function
     1>c:\users\lucy\documents\school\2013fall\cis565\project1-raytracer\src\glm\core\type_mat2x2.inl(560): warning : a __host__ function("glm::detail::operator*") redeclared with __host__ __device__, hence treated as a __host__ __device__ function
     1>c:\users\lucy\documents\school\2013fall\cis565\project1-raytracer\src\glm\core\type_mat2x2.inl(576): warning : a __host__ function("glm::detail::operator*") redeclared with __host__ __device__, hence treated as a __host__ __device__ function
     1>c:\users\lucy\documents\school\2013fall\cis565\project1-raytracer\src\glm\core\type_mat2x2.inl(594): warning : a __host__ function("glm::detail::operator/") redeclared with __host__ __device__, hence treated as a __host__ __device__ function
     1>c:\users\lucy\documents\school\2013fall\cis565\project1-raytracer\src\glm\core\type_mat2x2.inl(606): warning : a __host__ function("glm::detail::operator/") redeclared with __host__ __device__, hence treated as a __host__ __device__ function
     1>c:\users\lucy\documents\school\2013fall\cis565\project1-raytracer\src\glm\core\type_mat2x2.inl(628): warning : a __host__ function("glm::detail::operator/") redeclared with __host__ __device__, hence treated as a __host__ __device__ function
     1>c:\users\lucy\documents\school\2013fall\cis565\project1-raytracer\src\glm\core\type_mat2x2.inl(638): warning : a __host__ function("glm::detail::operator/") redeclared with __host__ __device__, hence treated as a __host__ __device__ function
     1>c:\users\lucy\documents\school\2013fall\cis565\project1-raytracer\src\glm\core\type_mat2x2.inl(649): warning : a __host__ function("glm::detail::operator-") redeclared with __host__ __device__, hence treated as a __host__ __device__ function
     1>c:\users\lucy\documents\school\2013fall\cis565\project1-raytracer\src\glm\core\type_mat2x2.inl(660): warning : a __host__ function("glm::detail::operator++") redeclared with __host__ __device__, hence treated as a __host__ __device__ function
     1>c:\users\lucy\documents\school\2013fall\cis565\project1-raytracer\src\glm\core\type_mat2x2.inl(672): warning : a __host__ function("glm::detail::operator--") redeclared with __host__ __device__, hence treated as a __host__ __device__ function
     1>c:\users\lucy\documents\school\2013fall\cis565\project1-raytracer\src\glm\core\type_mat2x3.inl(55): warning : a __host__ function("glm::detail::tmat2x3<T>::operator[]") redeclared with __host__ __device__, hence treated as a __host__ __device__ function
     1>c:\users\lucy\documents\school\2013fall\cis565\project1-raytracer\src\glm\core\type_mat2x3.inl(66): warning : a __host__ function("glm::detail::tmat2x3<T>::operator[]") redeclared with __host__ __device__, hence treated as a __host__ __device__ function
     1>c:\users\lucy\documents\school\2013fall\cis565\project1-raytracer\src\glm\core\type_mat2x3.inl(396): warning : a __host__ function("glm::detail::operator+") redeclared with __host__ __device__, hence treated as a __host__ __device__ function
     1>c:\users\lucy\documents\school\2013fall\cis565\project1-raytracer\src\glm\core\type_mat2x3.inl(408): warning : a __host__ function("glm::detail::operator+") redeclared with __host__ __device__, hence treated as a __host__ __device__ function
     1>c:\users\lucy\documents\school\2013fall\cis565\project1-raytracer\src\glm\core\type_mat2x3.inl(420): warning : a __host__ function("glm::detail::operator-") redeclared with __host__ __device__, hence treated as a __host__ __device__ function
     1>c:\users\lucy\documents\school\2013fall\cis565\project1-raytracer\src\glm\core\type_mat2x3.inl(432): warning : a __host__ function("glm::detail::operator-") redeclared with __host__ __device__, hence treated as a __host__ __device__ function
     1>c:\users\lucy\documents\school\2013fall\cis565\project1-raytracer\src\glm\core\type_mat2x3.inl(444): warning : a __host__ function("glm::detail::operator*") redeclared with __host__ __device__, hence treated as a __host__ __device__ function
     1>c:\users\lucy\documents\school\2013fall\cis565\project1-raytracer\src\glm\core\type_mat2x3.inl(456): warning : a __host__ function("glm::detail::operator*") redeclared with __host__ __device__, hence treated as a __host__ __device__ function
     1>c:\users\lucy\documents\school\2013fall\cis565\project1-raytracer\src\glm\core\type_mat2x3.inl(468): warning : a __host__ function("glm::detail::operator*") redeclared with __host__ __device__, hence treated as a __host__ __device__ function
     1>c:\users\lucy\documents\school\2013fall\cis565\project1-raytracer\src\glm\core\type_mat2x3.inl(480): warning : a __host__ function("glm::detail::operator*") redeclared with __host__ __device__, hence treated as a __host__ __device__ function
     1>c:\users\lucy\documents\school\2013fall\cis565\project1-raytracer\src\glm\core\type_mat2x3.inl(491): warning : a __host__ function("glm::detail::operator*") redeclared with __host__ __device__, hence treated as a __host__ __device__ function
     1>c:\users\lucy\documents\school\2013fall\cis565\project1-raytracer\src\glm\core\type_mat2x3.inl(507): warning : a __host__ function("glm::detail::operator*") redeclared with __host__ __device__, hence treated as a __host__ __device__ function
     1>c:\users\lucy\documents\school\2013fall\cis565\project1-raytracer\src\glm\core\type_mat2x3.inl(541): warning : a __host__ function("glm::detail::operator*") redeclared with __host__ __device__, hence treated as a __host__ __device__ function
     1>c:\users\lucy\documents\school\2013fall\cis565\project1-raytracer\src\glm\core\type_mat2x3.inl(563): warning : a __host__ function("glm::detail::operator/") redeclared with __host__ __device__, hence treated as a __host__ __device__ function
     1>c:\users\lucy\documents\school\2013fall\cis565\project1-raytracer\src\glm\core\type_mat2x3.inl(575): warning : a __host__ function("glm::detail::operator/") redeclared with __host__ __device__, hence treated as a __host__ __device__ function
     1>c:\users\lucy\documents\school\2013fall\cis565\project1-raytracer\src\glm\core\type_mat2x3.inl(588): warning : a __host__ function("glm::detail::operator-") redeclared with __host__ __device__, hence treated as a __host__ __device__ function
     1>c:\users\lucy\documents\school\2013fall\cis565\project1-raytracer\src\glm\core\type_mat2x3.inl(599): warning : a __host__ function("glm::detail::operator++") redeclared with __host__ __device__, hence treated as a __host__ __device__ function
     1>c:\users\lucy\documents\school\2013fall\cis565\project1-raytracer\src\glm\core\type_mat2x3.inl(611): warning : a __host__ function("glm::detail::operator--") redeclared with __host__ __device__, hence treated as a __host__ __device__ function
     1>c:\users\lucy\documents\school\2013fall\cis565\project1-raytracer\src\glm\core\type_mat2x4.inl(399): warning : a __host__ function("glm::detail::operator+") redeclared with __host__ __device__, hence treated as a __host__ __device__ function
     1>c:\users\lucy\documents\school\2013fall\cis565\project1-raytracer\src\glm\core\type_mat2x4.inl(411): warning : a __host__ function("glm::detail::operator+") redeclared with __host__ __device__, hence treated as a __host__ __device__ function
     1>c:\users\lucy\documents\school\2013fall\cis565\project1-raytracer\src\glm\core\type_mat2x4.inl(423): warning : a __host__ function("glm::detail::operator-") redeclared with __host__ __device__, hence treated as a __host__ __device__ function
     1>c:\users\lucy\documents\school\2013fall\cis565\project1-raytracer\src\glm\core\type_mat2x4.inl(435): warning : a __host__ function("glm::detail::operator-") redeclared with __host__ __device__, hence treated as a __host__ __device__ function
     1>c:\users\lucy\documents\school\2013fall\cis565\project1-raytracer\src\glm\core\type_mat2x4.inl(447): warning : a __host__ function("glm::detail::operator*") redeclared with __host__ __device__, hence treated as a __host__ __device__ function
     1>c:\users\lucy\documents\school\2013fall\cis565\project1-raytracer\src\glm\core\type_mat2x4.inl(459): warning : a __host__ function("glm::detail::operator*") redeclared with __host__ __device__, hence treated as a __host__ __device__ function
     1>c:\users\lucy\documents\school\2013fall\cis565\project1-raytracer\src\glm\core\type_mat2x4.inl(477): warning : a __host__ function("glm::detail::operator*") redeclared with __host__ __device__, hence treated as a __host__ __device__ function
     1>c:\users\lucy\documents\school\2013fall\cis565\project1-raytracer\src\glm\core\type_mat2x4.inl(496): warning : a __host__ function("glm::detail::operator*") redeclared with __host__ __device__, hence treated as a __host__ __device__ function
     1>c:\users\lucy\documents\school\2013fall\cis565\project1-raytracer\src\glm\core\type_mat2x4.inl(508): warning : a __host__ function("glm::detail::operator*") redeclared with __host__ __device__, hence treated as a __host__ __device__ function
     1>c:\users\lucy\documents\school\2013fall\cis565\project1-raytracer\src\glm\core\type_mat2x4.inl(553): warning : a __host__ function("glm::detail::operator*") redeclared with __host__ __device__, hence treated as a __host__ __device__ function
     1>c:\users\lucy\documents\school\2013fall\cis565\project1-raytracer\src\glm\core\type_mat2x4.inl(571): warning : a __host__ function("glm::detail::operator*") redeclared with __host__ __device__, hence treated as a __host__ __device__ function
     1>c:\users\lucy\documents\school\2013fall\cis565\project1-raytracer\src\glm\core\type_mat2x4.inl(593): warning : a __host__ function("glm::detail::operator/") redeclared with __host__ __device__, hence treated as a __host__ __device__ function
     1>c:\users\lucy\documents\school\2013fall\cis565\project1-raytracer\src\glm\core\type_mat2x4.inl(605): warning : a __host__ function("glm::detail::operator/") redeclared with __host__ __device__, hence treated as a __host__ __device__ function
     1>c:\users\lucy\documents\school\2013fall\cis565\project1-raytracer\src\glm\core\type_mat2x4.inl(618): warning : a __host__ function("glm::detail::operator-") redeclared with __host__ __device__, hence treated as a __host__ __device__ function
     1>c:\users\lucy\documents\school\2013fall\cis565\project1-raytracer\src\glm\core\type_mat2x4.inl(629): warning : a __host__ function("glm::detail::operator++") redeclared with __host__ __device__, hence treated as a __host__ __device__ function
     1>c:\users\lucy\documents\school\2013fall\cis565\project1-raytracer\src\glm\core\type_mat2x4.inl(641): warning : a __host__ function("glm::detail::operator--") redeclared with __host__ __device__, hence treated as a __host__ __device__ function
     1>c:\users\lucy\documents\school\2013fall\cis565\project1-raytracer\src\glm\core\type_mat3x2.inl(428): warning : a __host__ function("glm::detail::operator+") redeclared with __host__ __device__, hence treated as a __host__ __device__ function
     1>c:\users\lucy\documents\school\2013fall\cis565\project1-raytracer\src\glm\core\type_mat3x2.inl(441): warning : a __host__ function("glm::detail::operator+") redeclared with __host__ __device__, hence treated as a __host__ __device__ function
     1>c:\users\lucy\documents\school\2013fall\cis565\project1-raytracer\src\glm\core\type_mat3x2.inl(454): warning : a __host__ function("glm::detail::operator-") redeclared with __host__ __device__, hence treated as a __host__ __device__ function
     1>c:\users\lucy\documents\school\2013fall\cis565\project1-raytracer\src\glm\core\type_mat3x2.inl(467): warning : a __host__ function("glm::detail::operator-") redeclared with __host__ __device__, hence treated as a __host__ __device__ function
     1>c:\users\lucy\documents\school\2013fall\cis565\project1-raytracer\src\glm\core\type_mat3x2.inl(480): warning : a __host__ function("glm::detail::operator*") redeclared with __host__ __device__, hence treated as a __host__ __device__ function
     1>c:\users\lucy\documents\school\2013fall\cis565\project1-raytracer\src\glm\core\type_mat3x2.inl(493): warning : a __host__ function("glm::detail::operator*") redeclared with __host__ __device__, hence treated as a __host__ __device__ function
     1>c:\users\lucy\documents\school\2013fall\cis565\project1-raytracer\src\glm\core\type_mat3x2.inl(506): warning : a __host__ function("glm::detail::operator*") redeclared with __host__ __device__, hence treated as a __host__ __device__ function
     1>c:\users\lucy\documents\school\2013fall\cis565\project1-raytracer\src\glm\core\type_mat3x2.inl(517): warning : a __host__ function("glm::detail::operator*") redeclared with __host__ __device__, hence treated as a __host__ __device__ function
     1>c:\users\lucy\documents\school\2013fall\cis565\project1-raytracer\src\glm\core\type_mat3x2.inl(529): warning : a __host__ function("glm::detail::operator*") redeclared with __host__ __device__, hence treated as a __host__ __device__ function
     1>c:\users\lucy\documents\school\2013fall\cis565\project1-raytracer\src\glm\core\type_mat3x2.inl(558): warning : a __host__ function("glm::detail::operator*") redeclared with __host__ __device__, hence treated as a __host__ __device__ function
     1>c:\users\lucy\documents\school\2013fall\cis565\project1-raytracer\src\glm\core\type_mat3x2.inl(574): warning : a __host__ function("glm::detail::operator*") redeclared with __host__ __device__, hence treated as a __host__ __device__ function
     1>c:\users\lucy\documents\school\2013fall\cis565\project1-raytracer\src\glm\core\type_mat3x2.inl(592): warning : a __host__ function("glm::detail::operator/") redeclared with __host__ __device__, hence treated as a __host__ __device__ function
     1>c:\users\lucy\documents\school\2013fall\cis565\project1-raytracer\src\glm\core\type_mat3x2.inl(605): warning : a __host__ function("glm::detail::operator/") redeclared with __host__ __device__, hence treated as a __host__ __device__ function
     1>c:\users\lucy\documents\school\2013fall\cis565\project1-raytracer\src\glm\core\type_mat3x2.inl(619): warning : a __host__ function("glm::detail::operator-") redeclared with __host__ __device__, hence treated as a __host__ __device__ function
     1>c:\users\lucy\documents\school\2013fall\cis565\project1-raytracer\src\glm\core\type_mat3x2.inl(631): warning : a __host__ function("glm::detail::operator++") redeclared with __host__ __device__, hence treated as a __host__ __device__ function
     1>c:\users\lucy\documents\school\2013fall\cis565\project1-raytracer\src\glm\core\type_mat3x2.inl(645): warning : a __host__ function("glm::detail::operator--") redeclared with __host__ __device__, hence treated as a __host__ __device__ function
     1>c:\users\lucy\documents\school\2013fall\cis565\project1-raytracer\src\glm\core\type_mat3x3.inl(486): warning : a __host__ function("glm::detail::operator+") redeclared with __host__ __device__, hence treated as a __host__ __device__ function
     1>c:\users\lucy\documents\school\2013fall\cis565\project1-raytracer\src\glm\core\type_mat3x3.inl(499): warning : a __host__ function("glm::detail::operator+") redeclared with __host__ __device__, hence treated as a __host__ __device__ function
     1>c:\users\lucy\documents\school\2013fall\cis565\project1-raytracer\src\glm\core\type_mat3x3.inl(512): warning : a __host__ function("glm::detail::operator+") redeclared with __host__ __device__, hence treated as a __host__ __device__ function
     1>c:\users\lucy\documents\school\2013fall\cis565\project1-raytracer\src\glm\core\type_mat3x3.inl(525): warning : a __host__ function("glm::detail::operator-") redeclared with __host__ __device__, hence treated as a __host__ __device__ function
     1>c:\users\lucy\documents\school\2013fall\cis565\project1-raytracer\src\glm\core\type_mat3x3.inl(538): warning : a __host__ function("glm::detail::operator-") redeclared with __host__ __device__, hence treated as a __host__ __device__ function
     1>c:\users\lucy\documents\school\2013fall\cis565\project1-raytracer\src\glm\core\type_mat3x3.inl(551): warning : a __host__ function("glm::detail::operator-") redeclared with __host__ __device__, hence treated as a __host__ __device__ function
     1>c:\users\lucy\documents\school\2013fall\cis565\project1-raytracer\src\glm\core\type_mat3x3.inl(564): warning : a __host__ function("glm::detail::operator*") redeclared with __host__ __device__, hence treated as a __host__ __device__ function
     1>c:\users\lucy\documents\school\2013fall\cis565\project1-raytracer\src\glm\core\type_mat3x3.inl(577): warning : a __host__ function("glm::detail::operator*") redeclared with __host__ __device__, hence treated as a __host__ __device__ function
     1>c:\users\lucy\documents\school\2013fall\cis565\project1-raytracer\src\glm\core\type_mat3x3.inl(590): warning : a __host__ function("glm::detail::operator*") redeclared with __host__ __device__, hence treated as a __host__ __device__ function
     1>c:\users\lucy\documents\school\2013fall\cis565\project1-raytracer\src\glm\core\type_mat3x3.inl(603): warning : a __host__ function("glm::detail::operator*") redeclared with __host__ __device__, hence treated as a __host__ __device__ function
     1>c:\users\lucy\documents\school\2013fall\cis565\project1-raytracer\src\glm\core\type_mat3x3.inl(616): warning : a __host__ function("glm::detail::operator*") redeclared with __host__ __device__, hence treated as a __host__ __device__ function
     1>c:\users\lucy\documents\school\2013fall\cis565\project1-raytracer\src\glm\core\type_mat3x3.inl(656): warning : a __host__ function("glm::detail::operator*") redeclared with __host__ __device__, hence treated as a __host__ __device__ function
     1>c:\users\lucy\documents\school\2013fall\cis565\project1-raytracer\src\glm\core\type_mat3x3.inl(672): warning : a __host__ function("glm::detail::operator*") redeclared with __host__ __device__, hence treated as a __host__ __device__ function
     1>c:\users\lucy\documents\school\2013fall\cis565\project1-raytracer\src\glm\core\type_mat3x3.inl(694): warning : a __host__ function("glm::detail::operator/") redeclared with __host__ __device__, hence treated as a __host__ __device__ function
     1>c:\users\lucy\documents\school\2013fall\cis565\project1-raytracer\src\glm\core\type_mat3x3.inl(707): warning : a __host__ function("glm::detail::operator/") redeclared with __host__ __device__, hence treated as a __host__ __device__ function
     1>c:\users\lucy\documents\school\2013fall\cis565\project1-raytracer\src\glm\core\type_mat3x3.inl(720): warning : a __host__ function("glm::detail::operator/") redeclared with __host__ __device__, hence treated as a __host__ __device__ function
     1>c:\users\lucy\documents\school\2013fall\cis565\project1-raytracer\src\glm\core\type_mat3x3.inl(730): warning : a __host__ function("glm::detail::operator/") redeclared with __host__ __device__, hence treated as a __host__ __device__ function
     1>c:\users\lucy\documents\school\2013fall\cis565\project1-raytracer\src\glm\core\type_mat3x3.inl(740): warning : a __host__ function("glm::detail::operator/") redeclared with __host__ __device__, hence treated as a __host__ __device__ function
     1>c:\users\lucy\documents\school\2013fall\cis565\project1-raytracer\src\glm\core\type_mat3x3.inl(751): warning : a __host__ function("glm::detail::operator-") redeclared with __host__ __device__, hence treated as a __host__ __device__ function
     1>c:\users\lucy\documents\school\2013fall\cis565\project1-raytracer\src\glm\core\type_mat3x3.inl(763): warning : a __host__ function("glm::detail::operator++") redeclared with __host__ __device__, hence treated as a __host__ __device__ function
     1>c:\users\lucy\documents\school\2013fall\cis565\project1-raytracer\src\glm\core\type_mat3x3.inl(776): warning : a __host__ function("glm::detail::operator--") redeclared with __host__ __device__, hence treated as a __host__ __device__ function
     1>c:\users\lucy\documents\school\2013fall\cis565\project1-raytracer\src\glm\core\type_mat3x4.inl(55): warning : a __host__ function("glm::detail::tmat3x4<T>::operator[]") redeclared with __host__ __device__, hence treated as a __host__ __device__ function
     1>c:\users\lucy\documents\school\2013fall\cis565\project1-raytracer\src\glm\core\type_mat3x4.inl(66): warning : a __host__ function("glm::detail::tmat3x4<T>::operator[]") redeclared with __host__ __device__, hence treated as a __host__ __device__ function
     1>c:\users\lucy\documents\school\2013fall\cis565\project1-raytracer\src\glm\core\type_mat3x4.inl(427): warning : a __host__ function("glm::detail::operator+") redeclared with __host__ __device__, hence treated as a __host__ __device__ function
     1>c:\users\lucy\documents\school\2013fall\cis565\project1-raytracer\src\glm\core\type_mat3x4.inl(440): warning : a __host__ function("glm::detail::operator+") redeclared with __host__ __device__, hence treated as a __host__ __device__ function
     1>c:\users\lucy\documents\school\2013fall\cis565\project1-raytracer\src\glm\core\type_mat3x4.inl(453): warning : a __host__ function("glm::detail::operator-") redeclared with __host__ __device__, hence treated as a __host__ __device__ function
     1>c:\users\lucy\documents\school\2013fall\cis565\project1-raytracer\src\glm\core\type_mat3x4.inl(466): warning : a __host__ function("glm::detail::operator-") redeclared with __host__ __device__, hence treated as a __host__ __device__ function
     1>c:\users\lucy\documents\school\2013fall\cis565\project1-raytracer\src\glm\core\type_mat3x4.inl(479): warning : a __host__ function("glm::detail::operator*") redeclared with __host__ __device__, hence treated as a __host__ __device__ function
     1>c:\users\lucy\documents\school\2013fall\cis565\project1-raytracer\src\glm\core\type_mat3x4.inl(492): warning : a __host__ function("glm::detail::operator*") redeclared with __host__ __device__, hence treated as a __host__ __device__ function
     1>c:\users\lucy\documents\school\2013fall\cis565\project1-raytracer\src\glm\core\type_mat3x4.inl(505): warning : a __host__ function("glm::detail::operator*") redeclared with __host__ __device__, hence treated as a __host__ __device__ function
     1>c:\users\lucy\documents\school\2013fall\cis565\project1-raytracer\src\glm\core\type_mat3x4.inl(524): warning : a __host__ function("glm::detail::operator*") redeclared with __host__ __device__, hence treated as a __host__ __device__ function
     1>c:\users\lucy\documents\school\2013fall\cis565\project1-raytracer\src\glm\core\type_mat3x4.inl(537): warning : a __host__ function("glm::detail::operator*") redeclared with __host__ __device__, hence treated as a __host__ __device__ function
     1>c:\users\lucy\documents\school\2013fall\cis565\project1-raytracer\src\glm\core\type_mat3x4.inl(590): warning : a __host__ function("glm::detail::operator*") redeclared with __host__ __device__, hence treated as a __host__ __device__ function
     1>c:\users\lucy\documents\school\2013fall\cis565\project1-raytracer\src\glm\core\type_mat3x4.inl(608): warning : a __host__ function("glm::detail::operator*") redeclared with __host__ __device__, hence treated as a __host__ __device__ function
     1>c:\users\lucy\documents\school\2013fall\cis565\project1-raytracer\src\glm\core\type_mat3x4.inl(630): warning : a __host__ function("glm::detail::operator/") redeclared with __host__ __device__, hence treated as a __host__ __device__ function
     1>c:\users\lucy\documents\school\2013fall\cis565\project1-raytracer\src\glm\core\type_mat3x4.inl(643): warning : a __host__ function("glm::detail::operator/") redeclared with __host__ __device__, hence treated as a __host__ __device__ function
     1>c:\users\lucy\documents\school\2013fall\cis565\project1-raytracer\src\glm\core\type_mat3x4.inl(657): warning : a __host__ function("glm::detail::operator-") redeclared with __host__ __device__, hence treated as a __host__ __device__ function
     1>c:\users\lucy\documents\school\2013fall\cis565\project1-raytracer\src\glm\core\type_mat3x4.inl(669): warning : a __host__ function("glm::detail::operator++") redeclared with __host__ __device__, hence treated as a __host__ __device__ function
     1>c:\users\lucy\documents\school\2013fall\cis565\project1-raytracer\src\glm\core\type_mat3x4.inl(682): warning : a __host__ function("glm::detail::operator--") redeclared with __host__ __device__, hence treated as a __host__ __device__ function
     1>c:\users\lucy\documents\school\2013fall\cis565\project1-raytracer\src\glm\core\type_mat4x2.inl(461): warning : a __host__ function("glm::detail::operator+") redeclared with __host__ __device__, hence treated as a __host__ __device__ function
     1>c:\users\lucy\documents\school\2013fall\cis565\project1-raytracer\src\glm\core\type_mat4x2.inl(475): warning : a __host__ function("glm::detail::operator+") redeclared with __host__ __device__, hence treated as a __host__ __device__ function
     1>c:\users\lucy\documents\school\2013fall\cis565\project1-raytracer\src\glm\core\type_mat4x2.inl(489): warning : a __host__ function("glm::detail::operator-") redeclared with __host__ __device__, hence treated as a __host__ __device__ function
     1>c:\users\lucy\documents\school\2013fall\cis565\project1-raytracer\src\glm\core\type_mat4x2.inl(503): warning : a __host__ function("glm::detail::operator-") redeclared with __host__ __device__, hence treated as a __host__ __device__ function
     1>c:\users\lucy\documents\school\2013fall\cis565\project1-raytracer\src\glm\core\type_mat4x2.inl(517): warning : a __host__ function("glm::detail::operator*") redeclared with __host__ __device__, hence treated as a __host__ __device__ function
     1>c:\users\lucy\documents\school\2013fall\cis565\project1-raytracer\src\glm\core\type_mat4x2.inl(531): warning : a __host__ function("glm::detail::operator*") redeclared with __host__ __device__, hence treated as a __host__ __device__ function
     1>c:\users\lucy\documents\school\2013fall\cis565\project1-raytracer\src\glm\core\type_mat4x2.inl(545): warning : a __host__ function("glm::detail::operator*") redeclared with __host__ __device__, hence treated as a __host__ __device__ function
     1>c:\users\lucy\documents\school\2013fall\cis565\project1-raytracer\src\glm\core\type_mat4x2.inl(556): warning : a __host__ function("glm::detail::operator*") redeclared with __host__ __device__, hence treated as a __host__ __device__ function
     1>c:\users\lucy\documents\school\2013fall\cis565\project1-raytracer\src\glm\core\type_mat4x2.inl(602): warning : a __host__ function("glm::detail::operator*") redeclared with __host__ __device__, hence treated as a __host__ __device__ function
     1>c:\users\lucy\documents\school\2013fall\cis565\project1-raytracer\src\glm\core\type_mat4x2.inl(618): warning : a __host__ function("glm::detail::operator*") redeclared with __host__ __device__, hence treated as a __host__ __device__ function
     1>c:\users\lucy\documents\school\2013fall\cis565\project1-raytracer\src\glm\core\type_mat4x2.inl(636): warning : a __host__ function("glm::detail::operator/") redeclared with __host__ __device__, hence treated as a __host__ __device__ function
     1>c:\users\lucy\documents\school\2013fall\cis565\project1-raytracer\src\glm\core\type_mat4x2.inl(650): warning : a __host__ function("glm::detail::operator/") redeclared with __host__ __device__, hence treated as a __host__ __device__ function
     1>c:\users\lucy\documents\school\2013fall\cis565\project1-raytracer\src\glm\core\type_mat4x2.inl(665): warning : a __host__ function("glm::detail::operator-") redeclared with __host__ __device__, hence treated as a __host__ __device__ function
     1>c:\users\lucy\documents\school\2013fall\cis565\project1-raytracer\src\glm\core\type_mat4x2.inl(678): warning : a __host__ function("glm::detail::operator++") redeclared with __host__ __device__, hence treated as a __host__ __device__ function
     1>c:\users\lucy\documents\school\2013fall\cis565\project1-raytracer\src\glm\core\type_mat4x2.inl(692): warning : a __host__ function("glm::detail::operator--") redeclared with __host__ __device__, hence treated as a __host__ __device__ function
     1>c:\users\lucy\documents\school\2013fall\cis565\project1-raytracer\src\glm\core\type_mat4x3.inl(55): warning : a __host__ function("glm::detail::tmat4x3<T>::operator[]") redeclared with __host__ __device__, hence treated as a __host__ __device__ function
     1>c:\users\lucy\documents\school\2013fall\cis565\project1-raytracer\src\glm\core\type_mat4x3.inl(66): warning : a __host__ function("glm::detail::tmat4x3<T>::operator[]") redeclared with __host__ __device__, hence treated as a __host__ __device__ function
     1>c:\users\lucy\documents\school\2013fall\cis565\project1-raytracer\src\glm\core\type_mat4x3.inl(463): warning : a __host__ function("glm::detail::operator+") redeclared with __host__ __device__, hence treated as a __host__ __device__ function
     1>c:\users\lucy\documents\school\2013fall\cis565\project1-raytracer\src\glm\core\type_mat4x3.inl(475): warning : a __host__ function("glm::detail::operator+") redeclared with __host__ __device__, hence treated as a __host__ __device__ function
     1>c:\users\lucy\documents\school\2013fall\cis565\project1-raytracer\src\glm\core\type_mat4x3.inl(487): warning : a __host__ function("glm::detail::operator-") redeclared with __host__ __device__, hence treated as a __host__ __device__ function
     1>c:\users\lucy\documents\school\2013fall\cis565\project1-raytracer\src\glm\core\type_mat4x3.inl(499): warning : a __host__ function("glm::detail::operator-") redeclared with __host__ __device__, hence treated as a __host__ __device__ function
     1>c:\users\lucy\documents\school\2013fall\cis565\project1-raytracer\src\glm\core\type_mat4x3.inl(511): warning : a __host__ function("glm::detail::operator*") redeclared with __host__ __device__, hence treated as a __host__ __device__ function
     1>c:\users\lucy\documents\school\2013fall\cis565\project1-raytracer\src\glm\core\type_mat4x3.inl(523): warning : a __host__ function("glm::detail::operator*") redeclared with __host__ __device__, hence treated as a __host__ __device__ function
     1>c:\users\lucy\documents\school\2013fall\cis565\project1-raytracer\src\glm\core\type_mat4x3.inl(535): warning : a __host__ function("glm::detail::operator*") redeclared with __host__ __device__, hence treated as a __host__ __device__ function
     1>c:\users\lucy\documents\school\2013fall\cis565\project1-raytracer\src\glm\core\type_mat4x3.inl(547): warning : a __host__ function("glm::detail::operator*") redeclared with __host__ __device__, hence treated as a __host__ __device__ function
     1>c:\users\lucy\documents\school\2013fall\cis565\project1-raytracer\src\glm\core\type_mat4x3.inl(560): warning : a __host__ function("glm::detail::operator*") redeclared with __host__ __device__, hence treated as a __host__ __device__ function
     1>c:\users\lucy\documents\school\2013fall\cis565\project1-raytracer\src\glm\core\type_mat4x3.inl(576): warning : a __host__ function("glm::detail::operator*") redeclared with __host__ __device__, hence treated as a __host__ __device__ function
     1>c:\users\lucy\documents\school\2013fall\cis565\project1-raytracer\src\glm\core\type_mat4x3.inl(622): warning : a __host__ function("glm::detail::operator*") redeclared with __host__ __device__, hence treated as a __host__ __device__ function
     1>c:\users\lucy\documents\school\2013fall\cis565\project1-raytracer\src\glm\core\type_mat4x3.inl(644): warning : a __host__ function("glm::detail::operator/") redeclared with __host__ __device__, hence treated as a __host__ __device__ function
     1>c:\users\lucy\documents\school\2013fall\cis565\project1-raytracer\src\glm\core\type_mat4x3.inl(658): warning : a __host__ function("glm::detail::operator/") redeclared with __host__ __device__, hence treated as a __host__ __device__ function
     1>c:\users\lucy\documents\school\2013fall\cis565\project1-raytracer\src\glm\core\type_mat4x3.inl(673): warning : a __host__ function("glm::detail::operator-") redeclared with __host__ __device__, hence treated as a __host__ __device__ function
     1>c:\users\lucy\documents\school\2013fall\cis565\project1-raytracer\src\glm\core\type_mat4x3.inl(686): warning : a __host__ function("glm::detail::operator++") redeclared with __host__ __device__, hence treated as a __host__ __device__ function
     1>c:\users\lucy\documents\school\2013fall\cis565\project1-raytracer\src\glm\core\type_mat4x3.inl(700): warning : a __host__ function("glm::detail::operator--") redeclared with __host__ __device__, hence treated as a __host__ __device__ function
     1>c:\users\lucy\documents\school\2013fall\cis565\project1-raytracer\src\glm\core\type_mat4x4.inl(577): warning : a __host__ function("glm::detail::operator+") redeclared with __host__ __device__, hence treated as a __host__ __device__ function
     1>c:\users\lucy\documents\school\2013fall\cis565\project1-raytracer\src\glm\core\type_mat4x4.inl(591): warning : a __host__ function("glm::detail::operator+") redeclared with __host__ __device__, hence treated as a __host__ __device__ function
     1>c:\users\lucy\documents\school\2013fall\cis565\project1-raytracer\src\glm\core\type_mat4x4.inl(605): warning : a __host__ function("glm::detail::operator+") redeclared with __host__ __device__, hence treated as a __host__ __device__ function
     1>c:\users\lucy\documents\school\2013fall\cis565\project1-raytracer\src\glm\core\type_mat4x4.inl(619): warning : a __host__ function("glm::detail::operator-") redeclared with __host__ __device__, hence treated as a __host__ __device__ function
     1>c:\users\lucy\documents\school\2013fall\cis565\project1-raytracer\src\glm\core\type_mat4x4.inl(633): warning : a __host__ function("glm::detail::operator-") redeclared with __host__ __device__, hence treated as a __host__ __device__ function
     1>c:\users\lucy\documents\school\2013fall\cis565\project1-raytracer\src\glm\core\type_mat4x4.inl(647): warning : a __host__ function("glm::detail::operator-") redeclared with __host__ __device__, hence treated as a __host__ __device__ function
     1>c:\users\lucy\documents\school\2013fall\cis565\project1-raytracer\src\glm\core\type_mat4x4.inl(661): warning : a __host__ function("glm::detail::operator*") redeclared with __host__ __device__, hence treated as a __host__ __device__ function
     1>c:\users\lucy\documents\school\2013fall\cis565\project1-raytracer\src\glm\core\type_mat4x4.inl(675): warning : a __host__ function("glm::detail::operator*") redeclared with __host__ __device__, hence treated as a __host__ __device__ function
     1>c:\users\lucy\documents\school\2013fall\cis565\project1-raytracer\src\glm\core\type_mat4x4.inl(689): warning : a __host__ function("glm::detail::operator*") redeclared with __host__ __device__, hence treated as a __host__ __device__ function
     1>c:\users\lucy\documents\school\2013fall\cis565\project1-raytracer\src\glm\core\type_mat4x4.inl(703): warning : a __host__ function("glm::detail::operator*") redeclared with __host__ __device__, hence treated as a __host__ __device__ function
     1>c:\users\lucy\documents\school\2013fall\cis565\project1-raytracer\src\glm\core\type_mat4x4.inl(717): warning : a __host__ function("glm::detail::operator*") redeclared with __host__ __device__, hence treated as a __host__ __device__ function
     1>c:\users\lucy\documents\school\2013fall\cis565\project1-raytracer\src\glm\core\type_mat4x4.inl(735): warning : a __host__ function("glm::detail::operator*") redeclared with __host__ __device__, hence treated as a __host__ __device__ function
     1>c:\users\lucy\documents\school\2013fall\cis565\project1-raytracer\src\glm\core\type_mat4x4.inl(757): warning : a __host__ function("glm::detail::operator*") redeclared with __host__ __device__, hence treated as a __host__ __device__ function
     1>c:\users\lucy\documents\school\2013fall\cis565\project1-raytracer\src\glm\core\type_mat4x4.inl(782): warning : a __host__ function("glm::detail::operator/") redeclared with __host__ __device__, hence treated as a __host__ __device__ function
     1>c:\users\lucy\documents\school\2013fall\cis565\project1-raytracer\src\glm\core\type_mat4x4.inl(796): warning : a __host__ function("glm::detail::operator/") redeclared with __host__ __device__, hence treated as a __host__ __device__ function
     1>c:\users\lucy\documents\school\2013fall\cis565\project1-raytracer\src\glm\core\type_mat4x4.inl(810): warning : a __host__ function("glm::detail::operator/") redeclared with __host__ __device__, hence treated as a __host__ __device__ function
     1>c:\users\lucy\documents\school\2013fall\cis565\project1-raytracer\src\glm\core\type_mat4x4.inl(830): warning : a __host__ function("glm::detail::operator/") redeclared with __host__ __device__, hence treated as a __host__ __device__ function
     1>c:\users\lucy\documents\school\2013fall\cis565\project1-raytracer\src\glm\core\type_mat4x4.inl(841): warning : a __host__ function("glm::detail::operator-") redeclared with __host__ __device__, hence treated as a __host__ __device__ function
     1>c:\users\lucy\documents\school\2013fall\cis565\project1-raytracer\src\glm\core\type_mat4x4.inl(854): warning : a __host__ function("glm::detail::operator++") redeclared with __host__ __device__, hence treated as a __host__ __device__ function
     1>c:\users\lucy\documents\school\2013fall\cis565\project1-raytracer\src\glm\core\type_mat4x4.inl(868): warning : a __host__ function("glm::detail::operator--") redeclared with __host__ __device__, hence treated as a __host__ __device__ function
     1>c:\users\lucy\documents\school\2013fall\cis565\project1-raytracer\src\glm\core\func_trigonometric.inl(35): warning : a __host__ function("glm::radians") redeclared with __host__ __device__, hence treated as a __host__ __device__ function
     1>c:\users\lucy\documents\school\2013fall\cis565\project1-raytracer\src\glm\core\func_trigonometric.inl(50): warning : a __host__ function("glm::degrees") redeclared with __host__ __device__, hence treated as a __host__ __device__ function
     1>c:\users\lucy\documents\school\2013fall\cis565\project1-raytracer\src\glm\core\func_trigonometric.inl(65): warning : a __host__ function("glm::sin") redeclared with __host__ __device__, hence treated as a __host__ __device__ function
     1>c:\users\lucy\documents\school\2013fall\cis565\project1-raytracer\src\glm\core\func_trigonometric.inl(79): warning : a __host__ function("glm::cos") redeclared with __host__ __device__, hence treated as a __host__ __device__ function
     1>c:\users\lucy\documents\school\2013fall\cis565\project1-raytracer\src\glm\core\func_trigonometric.inl(90): warning : a __host__ function("glm::tan") redeclared with __host__ __device__, hence treated as a __host__ __device__ function
     1>c:\users\lucy\documents\school\2013fall\cis565\project1-raytracer\src\glm\core\func_trigonometric.inl(104): warning : a __host__ function("glm::asin") redeclared with __host__ __device__, hence treated as a __host__ __device__ function
     1>c:\users\lucy\documents\school\2013fall\cis565\project1-raytracer\src\glm\core\func_trigonometric.inl(118): warning : a __host__ function("glm::acos") redeclared with __host__ __device__, hence treated as a __host__ __device__ function
     1>c:\users\lucy\documents\school\2013fall\cis565\project1-raytracer\src\glm\core\func_trigonometric.inl(132): warning : a __host__ function("glm::atan") redeclared with __host__ __device__, hence treated as a __host__ __device__ function
     1>c:\users\lucy\documents\school\2013fall\cis565\project1-raytracer\src\glm\core\func_trigonometric.inl(146): warning : a __host__ function("glm::atan") redeclared with __host__ __device__, hence treated as a __host__ __device__ function
     1>c:\users\lucy\documents\school\2013fall\cis565\project1-raytracer\src\glm\core\func_trigonometric.inl(160): warning : a __host__ function("glm::sinh") redeclared with __host__ __device__, hence treated as a __host__ __device__ function
     1>c:\users\lucy\documents\school\2013fall\cis565\project1-raytracer\src\glm\core\func_trigonometric.inl(174): warning : a __host__ function("glm::cosh") redeclared with __host__ __device__, hence treated as a __host__ __device__ function
     1>c:\users\lucy\documents\school\2013fall\cis565\project1-raytracer\src\glm\core\func_trigonometric.inl(188): warning : a __host__ function("glm::tanh") redeclared with __host__ __device__, hence treated as a __host__ __device__ function
     1>c:\users\lucy\documents\school\2013fall\cis565\project1-raytracer\src\glm\core\func_trigonometric.inl(202): warning : a __host__ function("glm::asinh") redeclared with __host__ __device__, hence treated as a __host__ __device__ function
     1>c:\users\lucy\documents\school\2013fall\cis565\project1-raytracer\src\glm\core\func_trigonometric.inl(216): warning : a __host__ function("glm::acosh") redeclared with __host__ __device__, hence treated as a __host__ __device__ function
     1>c:\users\lucy\documents\school\2013fall\cis565\project1-raytracer\src\glm\core\func_trigonometric.inl(232): warning : a __host__ function("glm::atanh") redeclared with __host__ __device__, hence treated as a __host__ __device__ function
     1>c:\users\lucy\documents\school\2013fall\cis565\project1-raytracer\src\glm\core\func_exponential.inl(35): warning : a __host__ function("glm::pow") redeclared with __host__ __device__, hence treated as a __host__ __device__ function
     1>c:\users\lucy\documents\school\2013fall\cis565\project1-raytracer\src\glm\core\func_exponential.inl(50): warning : a __host__ function("glm::exp") redeclared with __host__ __device__, hence treated as a __host__ __device__ function
     1>c:\users\lucy\documents\school\2013fall\cis565\project1-raytracer\src\glm\core\func_exponential.inl(64): warning : a __host__ function("glm::log") redeclared with __host__ __device__, hence treated as a __host__ __device__ function
     1>c:\users\lucy\documents\school\2013fall\cis565\project1-raytracer\src\glm\core\func_exponential.inl(78): warning : a __host__ function("glm::exp2") redeclared with __host__ __device__, hence treated as a __host__ __device__ function
     1>c:\users\lucy\documents\school\2013fall\cis565\project1-raytracer\src\glm\core\func_exponential.inl(119): warning : a __host__ function("glm::log2") redeclared with __host__ __device__, hence treated as a __host__ __device__ function
     1>c:\users\lucy\documents\school\2013fall\cis565\project1-raytracer\src\glm\core\func_exponential.inl(132): warning : a __host__ function("glm::sqrt") redeclared with __host__ __device__, hence treated as a __host__ __device__ function
     1>c:\users\lucy\documents\school\2013fall\cis565\project1-raytracer\src\glm\core\func_exponential.inl(145): warning : a __host__ function("glm::inversesqrt") redeclared with __host__ __device__, hence treated as a __host__ __device__ function
     1>c:\users\lucy\documents\school\2013fall\cis565\project1-raytracer\src\glm\core\func_common.inl(65): warning : a __host__ function("glm::abs") redeclared with __host__ __device__, hence treated as a __host__ __device__ function
     1>c:\users\lucy\documents\school\2013fall\cis565\project1-raytracer\src\glm\core\func_common.inl(78): warning : a __host__ function("glm::sign") redeclared with __host__ __device__, hence treated as a __host__ __device__ function
     1>c:\users\lucy\documents\school\2013fall\cis565\project1-raytracer\src\glm\core\func_common.inl(107): warning : a __host__ function("glm::floor") redeclared with __host__ __device__, hence treated as a __host__ __device__ function
     1>c:\users\lucy\documents\school\2013fall\cis565\project1-raytracer\src\glm\core\func_common.inl(118): warning : a __host__ function("glm::trunc") redeclared with __host__ __device__, hence treated as a __host__ __device__ function
     1>c:\users\lucy\documents\school\2013fall\cis565\project1-raytracer\src\glm\core\func_common.inl(128): warning : a __host__ function("glm::round") redeclared with __host__ __device__, hence treated as a __host__ __device__ function
     1>c:\users\lucy\documents\school\2013fall\cis565\project1-raytracer\src\glm\core\func_common.inl(152): warning : a __host__ function("glm::roundEven") redeclared with __host__ __device__, hence treated as a __host__ __device__ function
     1>c:\users\lucy\documents\school\2013fall\cis565\project1-raytracer\src\glm\core\func_common.inl(186): warning : a __host__ function("glm::ceil") redeclared with __host__ __device__, hence treated as a __host__ __device__ function
     1>c:\users\lucy\documents\school\2013fall\cis565\project1-raytracer\src\glm\core\func_common.inl(197): warning : a __host__ function("glm::fract") redeclared with __host__ __device__, hence treated as a __host__ __device__ function
     1>c:\users\lucy\documents\school\2013fall\cis565\project1-raytracer\src\glm\core\func_common.inl(211): warning : a __host__ function("glm::mod") redeclared with __host__ __device__, hence treated as a __host__ __device__ function
     1>c:\users\lucy\documents\school\2013fall\cis565\project1-raytracer\src\glm\core\func_common.inl(227): warning : a __host__ function("glm::modf") redeclared with __host__ __device__, hence treated as a __host__ __device__ function
     1>c:\users\lucy\documents\school\2013fall\cis565\project1-raytracer\src\glm\core\func_common.inl(287): warning : a __host__ function("glm::min") redeclared with __host__ __device__, hence treated as a __host__ __device__ function
     1>c:\users\lucy\documents\school\2013fall\cis565\project1-raytracer\src\glm\core\func_common.inl(306): warning : a __host__ function("glm::max") redeclared with __host__ __device__, hence treated as a __host__ __device__ function
     1>c:\users\lucy\documents\school\2013fall\cis565\project1-raytracer\src\glm\core\func_common.inl(325): warning : a __host__ function("glm::clamp") redeclared with __host__ __device__, hence treated as a __host__ __device__ function
     1>c:\users\lucy\documents\school\2013fall\cis565\project1-raytracer\src\glm\core\func_common.inl(430): warning : a __host__ function("glm::mix") redeclared with __host__ __device__, hence treated as a __host__ __device__ function
     1>c:\users\lucy\documents\school\2013fall\cis565\project1-raytracer\src\glm\core\func_common.inl(618): warning : a __host__ function("glm::step") redeclared with __host__ __device__, hence treated as a __host__ __device__ function
     1>c:\users\lucy\documents\school\2013fall\cis565\project1-raytracer\src\glm\core\func_common.inl(709): warning : a __host__ function("glm::smoothstep") redeclared with __host__ __device__, hence treated as a __host__ __device__ function
     1>c:\users\lucy\documents\school\2013fall\cis565\project1-raytracer\src\glm\core\func_common.inl(1099): warning : a __host__ function("glm::fma") redeclared with __host__ __device__, hence treated as a __host__ __device__ function
     1>c:\users\lucy\documents\school\2013fall\cis565\project1-raytracer\src\glm\core\func_packing.inl(31): warning : a __host__ function("glm::packUnorm2x16") redeclared with __host__ __device__, hence treated as a __host__ __device__ function
     1>c:\users\lucy\documents\school\2013fall\cis565\project1-raytracer\src\glm\core\func_packing.inl(38): warning : a __host__ function("glm::unpackUnorm2x16") redeclared with __host__ __device__, hence treated as a __host__ __device__ function
     1>c:\users\lucy\documents\school\2013fall\cis565\project1-raytracer\src\glm\core\func_packing.inl(48): warning : a __host__ function("glm::packSnorm2x16") redeclared with __host__ __device__, hence treated as a __host__ __device__ function
     1>c:\users\lucy\documents\school\2013fall\cis565\project1-raytracer\src\glm\core\func_packing.inl(63): warning : a __host__ function("glm::unpackSnorm2x16") redeclared with __host__ __device__, hence treated as a __host__ __device__ function
     1>c:\users\lucy\documents\school\2013fall\cis565\project1-raytracer\src\glm\core\func_packing.inl(79): warning : a __host__ function("glm::packUnorm4x8") redeclared with __host__ __device__, hence treated as a __host__ __device__ function
     1>c:\users\lucy\documents\school\2013fall\cis565\project1-raytracer\src\glm\core\func_packing.inl(88): warning : a __host__ function("glm::unpackUnorm4x8") redeclared with __host__ __device__, hence treated as a __host__ __device__ function
     1>c:\users\lucy\documents\school\2013fall\cis565\project1-raytracer\src\glm\core\func_packing.inl(102): warning : a __host__ function("glm::packSnorm4x8") redeclared with __host__ __device__, hence treated as a __host__ __device__ function
     1>c:\users\lucy\documents\school\2013fall\cis565\project1-raytracer\src\glm\core\func_packing.inl(119): warning : a __host__ function("glm::unpackSnorm4x8") redeclared with __host__ __device__, hence treated as a __host__ __device__ function
     1>c:\users\lucy\documents\school\2013fall\cis565\project1-raytracer\src\glm\core\func_packing.inl(137): warning : a __host__ function("glm::packDouble2x32") redeclared with __host__ __device__, hence treated as a __host__ __device__ function
     1>c:\users\lucy\documents\school\2013fall\cis565\project1-raytracer\src\glm\core\func_packing.inl(142): warning : a __host__ function("glm::unpackDouble2x32") redeclared with __host__ __device__, hence treated as a __host__ __device__ function
     1>c:\users\lucy\documents\school\2013fall\cis565\project1-raytracer\src\glm\core\func_packing.inl(147): warning : a __host__ function("glm::packHalf2x16") redeclared with __host__ __device__, hence treated as a __host__ __device__ function
     1>c:\users\lucy\documents\school\2013fall\cis565\project1-raytracer\src\glm\core\func_packing.inl(163): warning : a __host__ function("glm::unpackHalf2x16") redeclared with __host__ __device__, hence treated as a __host__ __device__ function
     1>c:\users\lucy\documents\school\2013fall\cis565\project1-raytracer\src\glm\core\func_geometric.inl(199): warning : a __host__ function("glm::cross") redeclared with __host__ __device__, hence treated as a __host__ __device__ function
     1>c:\users\lucy\documents\school\2013fall\cis565\project1-raytracer\src\glm\core\func_geometric.inl(215): warning : a __host__ function("glm::normalize") redeclared with __host__ __device__, hence treated as a __host__ __device__ function
     1>c:\users\lucy\documents\school\2013fall\cis565\project1-raytracer\src\glm\core\func_geometric.inl(264): warning : a __host__ function("glm::faceforward") redeclared with __host__ __device__, hence treated as a __host__ __device__ function
     1>c:\users\lucy\documents\school\2013fall\cis565\project1-raytracer\src\glm\core\func_geometric.inl(306): warning : a __host__ function("glm::refract") redeclared with __host__ __device__, hence treated as a __host__ __device__ function
     1>c:\users\lucy\documents\school\2013fall\cis565\project1-raytracer\src\glm\core\func_matrix.inl(35): warning : a __host__ function("glm::matrixCompMult") redeclared with __host__ __device__, hence treated as a __host__ __device__ function
     1>c:\users\lucy\documents\school\2013fall\cis565\project1-raytracer\src\glm\core\func_matrix.inl(422): warning : a __host__ function("glm::determinant") redeclared with __host__ __device__, hence treated as a __host__ __device__ function
     1>c:\users\lucy\documents\school\2013fall\cis565\project1-raytracer\src\glm\core\func_matrix.inl(433): warning : a __host__ function("glm::determinant") redeclared with __host__ __device__, hence treated as a __host__ __device__ function
     1>c:\users\lucy\documents\school\2013fall\cis565\project1-raytracer\src\glm\core\func_matrix.inl(447): warning : a __host__ function("glm::determinant") redeclared with __host__ __device__, hence treated as a __host__ __device__ function
     1>c:\users\lucy\documents\school\2013fall\cis565\project1-raytracer\src\glm\core\func_matrix.inl(474): warning : a __host__ function("glm::inverse") redeclared with __host__ __device__, hence treated as a __host__ __device__ function
     1>c:\users\lucy\documents\school\2013fall\cis565\project1-raytracer\src\glm\core\func_matrix.inl(494): warning : a __host__ function("glm::inverse") redeclared with __host__ __device__, hence treated as a __host__ __device__ function
     1>c:\users\lucy\documents\school\2013fall\cis565\project1-raytracer\src\glm\core\func_matrix.inl(523): warning : a __host__ function("glm::inverse") redeclared with __host__ __device__, hence treated as a __host__ __device__ function
     1>c:\users\lucy\documents\school\2013fall\cis565\project1-raytracer\src\glm\core\func_vector_relational.inl(143): warning : a __host__ function("glm::any") redeclared with __host__ __device__, hence treated as a __host__ __device__ function
     1>c:\users\lucy\documents\school\2013fall\cis565\project1-raytracer\src\glm\core\func_vector_relational.inl(155): warning : a __host__ function("glm::all") redeclared with __host__ __device__, hence treated as a __host__ __device__ function
     1>c:\users\lucy\documents\school\2013fall\cis565\project1-raytracer\src\glm\core\func_vector_relational.inl(167): warning : a __host__ function("glm::not_") redeclared with __host__ __device__, hence treated as a __host__ __device__ function
     1>c:\users\lucy\documents\school\2013fall\cis565\project1-raytracer\src\glm\core\func_integer.inl(39): warning : a __host__ function("glm::uaddCarry") redeclared with __host__ __device__, hence treated as a __host__ __device__ function
     1>c:\users\lucy\documents\school\2013fall\cis565\project1-raytracer\src\glm\core\func_integer.inl(96): warning : a __host__ function("glm::usubBorrow") redeclared with __host__ __device__, hence treated as a __host__ __device__ function
     1>c:\users\lucy\documents\school\2013fall\cis565\project1-raytracer\src\glm\core\func_integer.inl(154): warning : a __host__ function("glm::umulExtended") redeclared with __host__ __device__, hence treated as a __host__ __device__ function
     1>c:\users\lucy\documents\school\2013fall\cis565\project1-raytracer\src\glm\core\func_integer.inl(216): warning : a __host__ function("glm::imulExtended") redeclared with __host__ __device__, hence treated as a __host__ __device__ function
     1>c:\users\lucy\documents\school\2013fall\cis565\project1-raytracer\src\glm\core\func_integer.inl(278): warning : a __host__ function("glm::bitfieldExtract") redeclared with __host__ __device__, hence treated as a __host__ __device__ function
     1>c:\users\lucy\documents\school\2013fall\cis565\project1-raytracer\src\glm\core\func_integer.inl(339): warning : a __host__ function("glm::bitfieldInsert") redeclared with __host__ __device__, hence treated as a __host__ __device__ function
     1>c:\users\lucy\documents\school\2013fall\cis565\project1-raytracer\src\glm\core\func_integer.inl(407): warning : a __host__ function("glm::bitfieldReverse") redeclared with __host__ __device__, hence treated as a __host__ __device__ function
     1>c:\users\lucy\documents\school\2013fall\cis565\project1-raytracer\src\glm\core\_swizzle.hpp(194): warning : missing return statement at end of non-void function "glm::detail::_swizzle_base2<ValueType, VecType, N, E0, E1, E2, E3, 1>::operator=(const glm::detail::_swizzle_base2<ValueType, VecType, N, E0, E1, E2, E3, 1>::Stub &)"
     1>c:\users\lucy\documents\school\2013fall\cis565\project1-raytracer\src\intersections.h(103): warning C4244: '=' : conversion from 'double' to 'float', possible loss of data
     1>c:\users\lucy\documents\school\2013fall\cis565\project1-raytracer\src\intersections.h(104): warning C4244: '=' : conversion from 'double' to 'float', possible loss of data
     1>c:\users\lucy\documents\school\2013fall\cis565\project1-raytracer\src\intersections.h(122): warning C4244: '=' : conversion from 'double' to 'float', possible loss of data
     1>c:\users\lucy\documents\school\2013fall\cis565\project1-raytracer\src\intersections.h(123): warning C4244: '=' : conversion from 'double' to 'float', possible loss of data
     1>c:\users\lucy\documents\school\2013fall\cis565\project1-raytracer\src\intersections.h(141): warning C4244: '=' : conversion from 'double' to 'float', possible loss of data
     1>c:\users\lucy\documents\school\2013fall\cis565\project1-raytracer\src\intersections.h(142): warning C4244: '=' : conversion from 'double' to 'float', possible loss of data
     1>c:\users\lucy\documents\school\2013fall\cis565\project1-raytracer\src\intersections.h(266): warning C4244: 'argument' : conversion from 'float' to 'unsigned int', possible loss of data
     1>c:\users\lucy\documents\school\2013fall\cis565\project1-raytracer\src\intersections.h(311): warning C4244: 'argument' : conversion from 'float' to 'unsigned int', possible loss of data
     1>c:\users\lucy\documents\school\2013fall\cis565\project1-raytracer\src\intersections.h(312): warning C4305: 'argument' : truncation from 'double' to 'float'
     1>c:\users\lucy\documents\school\2013fall\cis565\project1-raytracer\src\intersections.h(313): warning C4305: 'argument' : truncation from 'double' to 'float'
     1>c:\users\lucy\documents\school\2013fall\cis565\project1-raytracer\src\interactions.h(68): warning C4244: 'initializing' : conversion from 'double' to 'float', possible loss of data
     1>C:/Users/lucy/Documents/School/2013fall/CIS565/Project1-RayTracer/src/raytraceKernel.cu(48): warning C4244: 'initializing' : conversion from 'float' to 'int', possible loss of data
     1>C:/Users/lucy/Documents/School/2013fall/CIS565/Project1-RayTracer/src/raytraceKernel.cu(50): warning C4244: 'argument' : conversion from 'float' to 'unsigned int', possible loss of data
     1>C:/Users/lucy/Documents/School/2013fall/CIS565/Project1-RayTracer/src/raytraceKernel.cu(73): warning C4244: 'argument' : conversion from 'float' to 'unsigned int', possible loss of data
     1>C:/Users/lucy/Documents/School/2013fall/CIS565/Project1-RayTracer/src/raytraceKernel.cu(335): warning C4018: '<' : signed/unsigned mismatch
       ClCompile:
         C:\Program Files (x86)\Microsoft Visual Studio 11.0\VC\bin\CL.exe /c /I"C:\Program Files\NVIDIA GPU Computing Toolkit\CUDA\v5.5\include" /I"C:\ProgramData\NVIDIA Corporation\CUDA Samples\v5.5\common\inc" /I../shared/glew/include /I../shared/freeglut/include /I"C:\Program Files\NVIDIA GPU Computing Toolkit\CUDA\v5.5\include" /Zi /nologo /W3 /WX- /O2 /Oi /Oy- /GL /D WIN32 /D NDEBUG /D _CONSOLE /D _UNICODE /D UNICODE /Gm- /EHsc /MD /GS /Gy /fp:precise /Zc:wchar_t /Zc:forScope /Fo"Release (v5.5)\\" /Fd"Release (v5.5)\vc110.pdb" /Gd /TP /analyze- /errorReport:prompt ..\..\src\image.cpp ..\..\src\main.cpp ..\..\src\scene.cpp ..\..\src\utilities.cpp
         image.cpp
         main.cpp
         Note: including lib: glut32.lib
         
     1>..\..\src\main.cpp(108): warning C4018: '<' : signed/unsigned mismatch
     1>..\..\src\main.cpp(118): warning C4018: '<' : signed/unsigned mismatch
     1>..\..\src\main.cpp(121): warning C4018: '<' : signed/unsigned mismatch
         scene.cpp
     1>..\..\src\scene.cpp(49): warning C4244: '=' : conversion from 'double' to 'float', possible loss of data
     1>..\..\src\scene.cpp(51): warning C4244: '=' : conversion from 'double' to 'float', possible loss of data
     1>..\..\src\scene.cpp(53): warning C4244: '=' : conversion from 'double' to 'float', possible loss of data
     1>..\..\src\scene.cpp(176): warning C4244: '=' : conversion from 'double' to 'float', possible loss of data
     1>..\..\src\scene.cpp(180): warning C4244: '=' : conversion from 'double' to 'float', possible loss of data
     1>..\..\src\scene.cpp(182): warning C4244: '=' : conversion from 'double' to 'float', possible loss of data
     1>..\..\src\scene.cpp(234): warning C4244: 'initializing' : conversion from 'double' to 'float', possible loss of data
     1>..\..\src\scene.cpp(236): warning C4244: 'initializing' : conversion from 'double' to 'float', possible loss of data
     1>..\..\src\scene.cpp(270): warning C4244: '=' : conversion from 'double' to 'float', possible loss of data
     1>..\..\src\scene.cpp(275): warning C4244: '=' : conversion from 'double' to 'float', possible loss of data
     1>..\..\src\scene.cpp(277): warning C4244: '=' : conversion from 'double' to 'float', possible loss of data
     1>..\..\src\scene.cpp(279): warning C4244: '=' : conversion from 'double' to 'float', possible loss of data
     1>..\..\src\scene.cpp(281): warning C4244: '=' : conversion from 'double' to 'float', possible loss of data
     1>..\..\src\scene.cpp(286): warning C4244: '=' : conversion from 'double' to 'float', possible loss of data
     1>..\..\src\scene.cpp(288): warning C4244: '=' : conversion from 'double' to 'float', possible loss of data
         utilities.cpp
       Link:
         C:\Program Files (x86)\Microsoft Visual Studio 11.0\VC\bin\link.exe /ERRORREPORT:PROMPT /OUT:"C:\Users\lucy\Documents\School\2013fall\CIS565\Project1-RayTracer\PROJ1_WIN\Release (v5.5)\565Raytracer.exe" /INCREMENTAL:NO /NOLOGO /LIBPATH:../shared/glew/lib /LIBPATH:../shared/freeglut/lib /LIBPATH:"C:\Program Files\NVIDIA GPU Computing Toolkit\CUDA\v5.5\lib\Win32" cudart.lib glew32.lib glu32.lib opengl32.lib kernel32.lib user32.lib gdi32.lib winspool.lib comdlg32.lib advapi32.lib shell32.lib ole32.lib oleaut32.lib uuid.lib odbc32.lib odbccp32.lib kernel32.lib user32.lib gdi32.lib winspool.lib comdlg32.lib advapi32.lib shell32.lib ole32.lib oleaut32.lib uuid.lib odbc32.lib odbccp32.lib /MANIFEST /MANIFESTUAC:"level='asInvoker' uiAccess='false'" /manifest:embed /DEBUG /PDB:"C:\Users\lucy\Documents\School\2013fall\CIS565\Project1-RayTracer\PROJ1_WIN\Release (v5.5)\565Raytracer.pdb" /SUBSYSTEM:CONSOLE /OPT:REF /OPT:ICF /LTCG /TLBID:1 /ENTRY:"mainCRTStartup" /DYNAMICBASE /NXCOMPAT /IMPLIB:"C:\Users\lucy\Documents\School\2013fall\CIS565\Project1-RayTracer\PROJ1_WIN\Release (v5.5)\565Raytracer.lib" /MACHINE:X86 /SAFESEH "C:\Users\lucy\Documents\School\2013fall\CIS565\Project1-RayTracer\PROJ1_WIN\565Raytracer\Win32/Release (v5.5)/raytraceKernel.cu.obj"
         "Release (v5.5)\fps.obj"
         "Release (v5.5)\glslUtility.obj"
         "Release (v5.5)\image.obj"
         "Release (v5.5)\main.obj"
         "Release (v5.5)\scene.obj"
         "Release (v5.5)\stb_image.obj"
         "Release (v5.5)\stb_image_write.obj"
         "Release (v5.5)\utilities.obj"
         Generating code
         Finished generating code
         565Raytracer.vcxproj -> C:\Users\lucy\Documents\School\2013fall\CIS565\Project1-RayTracer\PROJ1_WIN\Release (v5.5)\565Raytracer.exe
     1>Done Building Project "C:\Users\lucy\Documents\School\2013fall\CIS565\Project1-RayTracer\PROJ1_WIN\565Raytracer\565Raytracer.vcxproj" (Build target(s)).

Build succeeded.

Time Elapsed 00:00:12.07
