Build started 11/17/2013 10:48:45 PM.
     1>Project "C:\Users\lucy\Documents\School\2013fall\CIS565\Project2-Pathtracer\PROJ1_WIN\565Raytracer\565Raytracer.vcxproj" on node 2 (Build target(s)).
     1>ClCompile:
         C:\Program Files (x86)\Microsoft Visual Studio 11.0\VC\bin\CL.exe /c /I"C:\Program Files\NVIDIA GPU Computing Toolkit\CUDA\v5.5\include" /I"C:\ProgramData\NVIDIA Corporation\CUDA Samples\v5.5\common\inc" /I../shared/glew/include /I../shared/freeglut/include /I"C:\Program Files\NVIDIA GPU Computing Toolkit\CUDA\v5.5\include" /ZI /nologo /W3 /WX- /Od /Oy- /D WIN32 /D _DEBUG /D _CONSOLE /D _UNICODE /D UNICODE /Gm /EHsc /RTC1 /MDd /GS /fp:precise /Zc:wchar_t /Zc:forScope /Fo"Debug (v5.5)\\" /Fd"Debug (v5.5)\vc110.pdb" /Gd /TP /analyze- /errorReport:prompt ..\..\src\scene.cpp
         scene.cpp
     1>c:\users\lucy\documents\school\2013fall\cis565\project2-pathtracer\src\objload.h(130): warning C4996: 'sscanf': This function or variable may be unsafe. Consider using sscanf_s instead. To disable deprecation, use _CRT_SECURE_NO_WARNINGS. See online help for details.
                 c:\program files (x86)\microsoft visual studio 11.0\vc\include\stdio.h(311) : see declaration of 'sscanf'
     1>c:\users\lucy\documents\school\2013fall\cis565\project2-pathtracer\src\objload.h(134): warning C4996: 'sscanf': This function or variable may be unsafe. Consider using sscanf_s instead. To disable deprecation, use _CRT_SECURE_NO_WARNINGS. See online help for details.
                 c:\program files (x86)\microsoft visual studio 11.0\vc\include\stdio.h(311) : see declaration of 'sscanf'
     1>c:\users\lucy\documents\school\2013fall\cis565\project2-pathtracer\src\scene.cpp(165): warning C4244: '=' : conversion from 'double' to 'float', possible loss of data
     1>c:\users\lucy\documents\school\2013fall\cis565\project2-pathtracer\src\scene.cpp(169): warning C4244: '=' : conversion from 'double' to 'float', possible loss of data
     1>c:\users\lucy\documents\school\2013fall\cis565\project2-pathtracer\src\scene.cpp(171): warning C4244: '=' : conversion from 'double' to 'float', possible loss of data
     1>c:\users\lucy\documents\school\2013fall\cis565\project2-pathtracer\src\scene.cpp(223): warning C4244: 'initializing' : conversion from 'double' to 'float', possible loss of data
     1>c:\users\lucy\documents\school\2013fall\cis565\project2-pathtracer\src\scene.cpp(225): warning C4244: 'initializing' : conversion from 'double' to 'float', possible loss of data
     1>c:\users\lucy\documents\school\2013fall\cis565\project2-pathtracer\src\scene.cpp(261): warning C4244: '=' : conversion from 'double' to 'float', possible loss of data
     1>c:\users\lucy\documents\school\2013fall\cis565\project2-pathtracer\src\scene.cpp(262): warning C4244: '=' : conversion from 'double' to 'float', possible loss of data
     1>c:\users\lucy\documents\school\2013fall\cis565\project2-pathtracer\src\scene.cpp(263): warning C4244: '=' : conversion from 'double' to 'float', possible loss of data
     1>c:\users\lucy\documents\school\2013fall\cis565\project2-pathtracer\src\scene.cpp(293): warning C4244: '=' : conversion from 'double' to 'float', possible loss of data
     1>c:\users\lucy\documents\school\2013fall\cis565\project2-pathtracer\src\scene.cpp(298): warning C4244: '=' : conversion from 'double' to 'float', possible loss of data
     1>c:\users\lucy\documents\school\2013fall\cis565\project2-pathtracer\src\scene.cpp(300): warning C4244: '=' : conversion from 'double' to 'float', possible loss of data
     1>c:\users\lucy\documents\school\2013fall\cis565\project2-pathtracer\src\scene.cpp(302): warning C4244: '=' : conversion from 'double' to 'float', possible loss of data
     1>c:\users\lucy\documents\school\2013fall\cis565\project2-pathtracer\src\scene.cpp(304): warning C4244: '=' : conversion from 'double' to 'float', possible loss of data
     1>c:\users\lucy\documents\school\2013fall\cis565\project2-pathtracer\src\scene.cpp(306): warning C4244: '=' : conversion from 'double' to 'float', possible loss of data
     1>c:\users\lucy\documents\school\2013fall\cis565\project2-pathtracer\src\scene.cpp(311): warning C4244: '=' : conversion from 'double' to 'float', possible loss of data
     1>c:\users\lucy\documents\school\2013fall\cis565\project2-pathtracer\src\scene.cpp(313): warning C4244: '=' : conversion from 'double' to 'float', possible loss of data
     1>c:\users\lucy\documents\school\2013fall\cis565\project2-pathtracer\src\scene.cpp(315): warning C4244: '=' : conversion from 'double' to 'int', possible loss of data
     1>c:\users\lucy\documents\school\2013fall\cis565\project2-pathtracer\src\scene.cpp(325): warning C4018: '<' : signed/unsigned mismatch
     1>c:\users\lucy\documents\school\2013fall\cis565\project2-pathtracer\src\scene.cpp(332): warning C4018: '<' : signed/unsigned mismatch
     1>c:\users\lucy\documents\school\2013fall\cis565\project2-pathtracer\src\scene.cpp(337): warning C4018: '<' : signed/unsigned mismatch
       Link:
         C:\Program Files (x86)\Microsoft Visual Studio 11.0\VC\bin\link.exe /ERRORREPORT:PROMPT /OUT:"C:\Users\lucy\Documents\School\2013fall\CIS565\Project2-Pathtracer\PROJ1_WIN\Debug (v5.5)\565Raytracer.exe" /INCREMENTAL /NOLOGO /LIBPATH:../shared/glew/lib /LIBPATH:../shared/freeglut/lib /LIBPATH:"C:\Program Files\NVIDIA GPU Computing Toolkit\CUDA\v5.5\lib\Win32" cudart.lib glew32.lib glu32.lib opengl32.lib kernel32.lib user32.lib gdi32.lib winspool.lib comdlg32.lib advapi32.lib shell32.lib ole32.lib oleaut32.lib uuid.lib odbc32.lib odbccp32.lib kernel32.lib user32.lib gdi32.lib winspool.lib comdlg32.lib advapi32.lib shell32.lib ole32.lib oleaut32.lib uuid.lib odbc32.lib odbccp32.lib /MANIFEST /MANIFESTUAC:"level='asInvoker' uiAccess='false'" /manifest:embed /DEBUG /PDB:"C:\Users\lucy\Documents\School\2013fall\CIS565\Project2-Pathtracer\PROJ1_WIN\Debug (v5.5)\565Raytracer.pdb" /SUBSYSTEM:CONSOLE /TLBID:1 /ENTRY:"mainCRTStartup" /DYNAMICBASE /NXCOMPAT /IMPLIB:"C:\Users\lucy\Documents\School\2013fall\CIS565\Project2-Pathtracer\PROJ1_WIN\Debug (v5.5)\565Raytracer.lib" /MACHINE:X86 "C:\Users\lucy\Documents\School\2013fall\CIS565\Project2-Pathtracer\PROJ1_WIN\565Raytracer\Win32/Debug (v5.5)/raytraceKernel.cu.obj"
         "Debug (v5.5)\fps.obj"
         "Debug (v5.5)\glslUtility.obj"
         "Debug (v5.5)\image.obj"
         "Debug (v5.5)\main.obj"
         "Debug (v5.5)\objload.obj"
         "Debug (v5.5)\scene.obj"
         "Debug (v5.5)\stb_image.obj"
         "Debug (v5.5)\stb_image_write.obj"
         "Debug (v5.5)\utilities.obj"
         565Raytracer.vcxproj -> C:\Users\lucy\Documents\School\2013fall\CIS565\Project2-Pathtracer\PROJ1_WIN\Debug (v5.5)\565Raytracer.exe
     1>Done Building Project "C:\Users\lucy\Documents\School\2013fall\CIS565\Project2-Pathtracer\PROJ1_WIN\565Raytracer\565Raytracer.vcxproj" (Build target(s)).

Build succeeded.

Time Elapsed 00:00:01.79
