C:\USERS\REMOTE\DOCUMENTS\CIS565\PROJECT1-RAYTRACER\PROJ1_WIN\565RAYTRACER\DEBUG\565RAYTRACER.EXE.EMBED.MANIFEST
C:\USERS\REMOTE\DOCUMENTS\CIS565\PROJECT1-RAYTRACER\PROJ1_WIN\565RAYTRACER\DEBUG\565RAYTRACER.EXE.EMBED.MANIFEST.RES
C:\USERS\REMOTE\DOCUMENTS\CIS565\PROJECT1-RAYTRACER\PROJ1_WIN\565RAYTRACER\DEBUG\565RAYTRACER.EXE.INTERMEDIATE.MANIFEST
C:\Users\Remote\Documents\CIS565\Project1-RayTracer\PROJ1_WIN\565Raytracer\Debug\565Raytracer_manifest.rc
C:\Users\Remote\Documents\CIS565\Project1-RayTracer\PROJ1_WIN\565Raytracer\Debug\cl.command.1.tlog
C:\Users\Remote\Documents\CIS565\Project1-RayTracer\PROJ1_WIN\565Raytracer\Debug\CL.read.1.tlog
C:\Users\Remote\Documents\CIS565\Project1-RayTracer\PROJ1_WIN\565Raytracer\Debug\CL.write.1.tlog
C:\USERS\REMOTE\DOCUMENTS\CIS565\PROJECT1-RAYTRACER\PROJ1_WIN\565RAYTRACER\DEBUG\GLSLUTILITY.OBJ
C:\USERS\REMOTE\DOCUMENTS\CIS565\PROJECT1-RAYTRACER\PROJ1_WIN\565RAYTRACER\DEBUG\IMAGE.OBJ
C:\Users\Remote\Documents\CIS565\Project1-RayTracer\PROJ1_WIN\565Raytracer\Debug\link.1588.read.1.tlog
C:\Users\Remote\Documents\CIS565\Project1-RayTracer\PROJ1_WIN\565Raytracer\Debug\link.1588.write.1.tlog
C:\Users\Remote\Documents\CIS565\Project1-RayTracer\PROJ1_WIN\565Raytracer\Debug\link.1588-cvtres.read.1.tlog
C:\Users\Remote\Documents\CIS565\Project1-RayTracer\PROJ1_WIN\565Raytracer\Debug\link.1588-cvtres.write.1.tlog
C:\Users\Remote\Documents\CIS565\Project1-RayTracer\PROJ1_WIN\565Raytracer\Debug\link.command.1.tlog
C:\Users\Remote\Documents\CIS565\Project1-RayTracer\PROJ1_WIN\565Raytracer\Debug\link.read.1.tlog
C:\Users\Remote\Documents\CIS565\Project1-RayTracer\PROJ1_WIN\565Raytracer\Debug\link.write.1.tlog
C:\Users\Remote\Documents\CIS565\Project1-RayTracer\PROJ1_WIN\565Raytracer\Debug\link-cvtres.read.1.tlog
C:\Users\Remote\Documents\CIS565\Project1-RayTracer\PROJ1_WIN\565Raytracer\Debug\link-cvtres.write.1.tlog
C:\USERS\REMOTE\DOCUMENTS\CIS565\PROJECT1-RAYTRACER\PROJ1_WIN\565RAYTRACER\DEBUG\MAIN.OBJ
C:\Users\Remote\Documents\CIS565\Project1-RayTracer\PROJ1_WIN\565Raytracer\Debug\mt.command.1.tlog
C:\Users\Remote\Documents\CIS565\Project1-RayTracer\PROJ1_WIN\565Raytracer\Debug\mt.read.1.tlog
C:\Users\Remote\Documents\CIS565\Project1-RayTracer\PROJ1_WIN\565Raytracer\Debug\mt.write.1.tlog
C:\Users\Remote\Documents\CIS565\Project1-RayTracer\PROJ1_WIN\565Raytracer\Debug\raytraceKernel.cu.cache
C:\Users\Remote\Documents\CIS565\Project1-RayTracer\PROJ1_WIN\565Raytracer\Debug\rc.command.1.tlog
C:\Users\Remote\Documents\CIS565\Project1-RayTracer\PROJ1_WIN\565Raytracer\Debug\rc.read.1.tlog
C:\Users\Remote\Documents\CIS565\Project1-RayTracer\PROJ1_WIN\565Raytracer\Debug\rc.write.1.tlog
C:\USERS\REMOTE\DOCUMENTS\CIS565\PROJECT1-RAYTRACER\PROJ1_WIN\565RAYTRACER\DEBUG\SCENE.OBJ
C:\USERS\REMOTE\DOCUMENTS\CIS565\PROJECT1-RAYTRACER\PROJ1_WIN\565RAYTRACER\DEBUG\STB_IMAGE.OBJ
C:\USERS\REMOTE\DOCUMENTS\CIS565\PROJECT1-RAYTRACER\PROJ1_WIN\565RAYTRACER\DEBUG\STB_IMAGE_WRITE.OBJ
C:\USERS\REMOTE\DOCUMENTS\CIS565\PROJECT1-RAYTRACER\PROJ1_WIN\565RAYTRACER\DEBUG\UTILITIES.OBJ
C:\Users\Remote\Documents\CIS565\Project1-RayTracer\PROJ1_WIN\565Raytracer\Debug\vc100.idb
C:\USERS\REMOTE\DOCUMENTS\CIS565\PROJECT1-RAYTRACER\PROJ1_WIN\565RAYTRACER\DEBUG\VC100.PDB
C:\USERS\REMOTE\DOCUMENTS\CIS565\PROJECT1-RAYTRACER\PROJ1_WIN\DEBUG\565RAYTRACER.EXE
C:\USERS\REMOTE\DOCUMENTS\CIS565\PROJECT1-RAYTRACER\PROJ1_WIN\DEBUG\565RAYTRACER.ILK
C:\USERS\REMOTE\DOCUMENTS\CIS565\PROJECT1-RAYTRACER\PROJ1_WIN\DEBUG\565RAYTRACER.PDB
