C:\USERS\REMOTE\DOCUMENTS\CIS565\PROJECT1-RAYTRACER\PROJ1_WIN\565RAYTRACER\RELEASE\565RAYTRACER.EXE.INTERMEDIATE.MANIFEST
C:\Users\Remote\Documents\CIS565\Project1-RayTracer\PROJ1_WIN\565Raytracer\Release\cl.command.1.tlog
C:\Users\Remote\Documents\CIS565\Project1-RayTracer\PROJ1_WIN\565Raytracer\Release\CL.read.1.tlog
C:\Users\Remote\Documents\CIS565\Project1-RayTracer\PROJ1_WIN\565Raytracer\Release\CL.write.1.tlog
C:\USERS\REMOTE\DOCUMENTS\CIS565\PROJECT1-RAYTRACER\PROJ1_WIN\565RAYTRACER\RELEASE\GLSLUTILITY.OBJ
C:\USERS\REMOTE\DOCUMENTS\CIS565\PROJECT1-RAYTRACER\PROJ1_WIN\565RAYTRACER\RELEASE\IMAGE.OBJ
C:\Users\Remote\Documents\CIS565\Project1-RayTracer\PROJ1_WIN\565Raytracer\Release\link.command.1.tlog
C:\Users\Remote\Documents\CIS565\Project1-RayTracer\PROJ1_WIN\565Raytracer\Release\link.read.1.tlog
C:\Users\Remote\Documents\CIS565\Project1-RayTracer\PROJ1_WIN\565Raytracer\Release\link.write.1.tlog
C:\USERS\REMOTE\DOCUMENTS\CIS565\PROJECT1-RAYTRACER\PROJ1_WIN\565RAYTRACER\RELEASE\MAIN.OBJ
C:\Users\Remote\Documents\CIS565\Project1-RayTracer\PROJ1_WIN\565Raytracer\Release\mt.command.1.tlog
C:\Users\Remote\Documents\CIS565\Project1-RayTracer\PROJ1_WIN\565Raytracer\Release\mt.read.1.tlog
C:\Users\Remote\Documents\CIS565\Project1-RayTracer\PROJ1_WIN\565Raytracer\Release\mt.write.1.tlog
C:\Users\Remote\Documents\CIS565\Project1-RayTracer\PROJ1_WIN\565Raytracer\Release\raytraceKernel.cu.cache
C:\USERS\REMOTE\DOCUMENTS\CIS565\PROJECT1-RAYTRACER\PROJ1_WIN\565RAYTRACER\RELEASE\SCENE.OBJ
C:\USERS\REMOTE\DOCUMENTS\CIS565\PROJECT1-RAYTRACER\PROJ1_WIN\565RAYTRACER\RELEASE\STB_IMAGE.OBJ
C:\USERS\REMOTE\DOCUMENTS\CIS565\PROJECT1-RAYTRACER\PROJ1_WIN\565RAYTRACER\RELEASE\STB_IMAGE_WRITE.OBJ
C:\USERS\REMOTE\DOCUMENTS\CIS565\PROJECT1-RAYTRACER\PROJ1_WIN\565RAYTRACER\RELEASE\UTILITIES.OBJ
C:\USERS\REMOTE\DOCUMENTS\CIS565\PROJECT1-RAYTRACER\PROJ1_WIN\565RAYTRACER\RELEASE\VC100.PDB
C:\USERS\REMOTE\DOCUMENTS\CIS565\PROJECT1-RAYTRACER\PROJ1_WIN\RELEASE\565RAYTRACER.EXE
C:\USERS\REMOTE\DOCUMENTS\CIS565\PROJECT1-RAYTRACER\PROJ1_WIN\RELEASE\565RAYTRACER.PDB
